#
# A fatal error has been detected by the Java Runtime Environment:
#
#  EXCEPTION_ACCESS_VIOLATION (0xc0000005) at pc=0x00007ffc00312094, pid=8356, tid=7288
#
# JRE version: OpenJDK Runtime Environment (11.0.11+9) (build 11.0.11+9-b60-7590822)
# Java VM: OpenJDK 64-Bit Server VM (11.0.11+9-b60-7590822, mixed mode, tiered, compressed oops, g1 gc, windows-amd64)
# Problematic frame:
# V  [jvm.dll+0x2d2094]
#
# No core dump will be written. Minidumps are not enabled by default on client versions of Windows
#
# If you would like to submit a bug report, please visit:
#   https://bugreport.java.com/bugreport/crash.jsp
#

---------------  S U M M A R Y ------------

Command Line: --add-opens=java.base/java.util=ALL-UNNAMED --add-opens=java.base/java.lang=ALL-UNNAMED --add-opens=java.base/java.lang.invoke=ALL-UNNAMED --add-opens=java.base/java.util=ALL-UNNAMED --add-opens=java.prefs/java.util.prefs=ALL-UNNAMED --add-opens=java.prefs/java.util.prefs=ALL-UNNAMED --add-opens=java.base/java.nio.charset=ALL-UNNAMED --add-opens=java.base/java.net=ALL-UNNAMED --add-opens=java.base/java.util.concurrent.atomic=ALL-UNNAMED -Xmx2048m -Dfile.encoding=UTF-8 -Duser.country=US -Duser.language=en -Duser.variant org.gradle.launcher.daemon.bootstrap.GradleDaemon 7.2

Host: Intel(R) Core(TM) i3-5005U CPU @ 2.00GHz, 4 cores, 9G,  Windows 10 , 64 bit Build 19041 (10.0.19041.1645)
Time: Wed Apr 20 11:48:20 2022 SE Asia Standard Time elapsed time: 732.781220 seconds (0d 0h 12m 12s)

---------------  T H R E A D  ---------------

Current thread (0x0000011d4bdf4000):  GCTaskThread "GC Thread#2" [stack: 0x0000000217800000,0x0000000217900000] [id=7288]

Stack: [0x0000000217800000,0x0000000217900000],  sp=0x00000002178ff350,  free space=1020k
Native frames: (J=compiled Java code, j=interpreted, Vv=VM code, C=native code)
V  [jvm.dll+0x2d2094]
V  [jvm.dll+0x2fe91b]
V  [jvm.dll+0x300c8a]
V  [jvm.dll+0x2ddb95]
V  [jvm.dll+0x2de29b]
V  [jvm.dll+0x74d230]
V  [jvm.dll+0x6e80b5]
V  [jvm.dll+0x5f1036]
C  [ucrtbase.dll+0x21bb2]
C  [KERNEL32.DLL+0x17034]
C  [ntdll.dll+0x52651]


siginfo: EXCEPTION_ACCESS_VIOLATION (0xc0000005), reading address 0x0000000000020000


Register to memory mapping:

RIP=0x00007ffc00312094 jvm.dll
RAX=0x0000000000000001 is an unknown value
RBX=0x000000008a62f2c4 is pointing into object: [Ljava.util.concurrent.ConcurrentHashMap$Node; 
{0x000000008a625aa0} - klass: 'java/util/concurrent/ConcurrentHashMap$Node'[]
 - length: 32768
RCX=0x0000000000000014 is an unknown value
RDX=0x000000008a62f2c4 is pointing into object: [Ljava.util.concurrent.ConcurrentHashMap$Node; 
{0x000000008a625aa0} - klass: 'java/util/concurrent/ConcurrentHashMap$Node'[]
 - length: 32768
RSP=0x00000002178ff350 points into unknown readable memory: 0x0000011d53fd2d00 | 00 2d fd 53 1d 01 00 00
RBP=0x0000000216bfeb70 points into unknown readable memory: 0x00007ffc00862300 | 00 23 86 00 fc 7f 00 00
RSI=0x0000011d53fd2d00 points into unknown readable memory: 0x00007ffc008671a8 | a8 71 86 00 fc 7f 00 00
RDI=0x0000011d53fd2d00 points into unknown readable memory: 0x00007ffc008671a8 | a8 71 86 00 fc 7f 00 00
R8 =0x0 is NULL
R9 =0x0000011d2efccb70 points into unknown readable memory: 0x00007ffc00861220 | 20 12 86 00 fc 7f 00 00
R10=0x0000000000020000 is an unknown value
R11=0x0000011d53fd2e70 points into unknown readable memory: 0x00007ffc00867160 | 60 71 86 00 fc 7f 00 00
R12=0x0 is NULL
R13=0x0 is NULL
R14=0x0000011d30febca0 points into unknown readable memory: 0x00001983000017b2 | b2 17 00 00 83 19 00 00
R15=0x0 is NULL


Registers:
RAX=0x0000000000000001, RBX=0x000000008a62f2c4, RCX=0x0000000000000014, RDX=0x000000008a62f2c4
RSP=0x00000002178ff350, RBP=0x0000000216bfeb70, RSI=0x0000011d53fd2d00, RDI=0x0000011d53fd2d00
R8 =0x0000000000000000, R9 =0x0000011d2efccb70, R10=0x0000000000020000, R11=0x0000011d53fd2e70
R12=0x0000000000000000, R13=0x0000000000000000, R14=0x0000011d30febca0, R15=0x0000000000000000
RIP=0x00007ffc00312094, EFLAGS=0x0000000000010202

Top of Stack: (sp=0x00000002178ff350)
0x00000002178ff350:   0000011d53fd2d00 00007ffc0033f401
0x00000002178ff360:   000000008a6ac580 000000008a62f2cc
0x00000002178ff370:   0000011d30febc20 00007ffc0033e91b
0x00000002178ff380:   00000000000017b2 00007ffc00334524
0x00000002178ff390:   000000008a6ac570 00007ffc00340738
0x00000002178ff3a0:   0000000000000002 00007ffc00314f94
0x00000002178ff3b0:   0000204600001e1d 000000008a62f2fd
0x00000002178ff3c0:   0000011d30febc20 0000204600001e1c
0x00000002178ff3d0:   0000011d53fd2e70 00007ffc00314a1b
0x00000002178ff3e0:   0000000216bfeb70 0000011d4b6b8c90
0x00000002178ff3f0:   0000011d53fd2d00 0000011d2efcbc70
0x00000002178ff400:   0000000000000000 0000000000000003
0x00000002178ff410:   0000011d53fd2d00 00007ffc00340c8a
0x00000002178ff420:   0000000000000003 0000011d53fd2d00
0x00000002178ff430:   0000011d00002616 000000008a62f2c5
0x00000002178ff440:   0000011d2efcbc70 00007ffc0031db95 

Instructions: (pc=0x00007ffc00312094)
0x00007ffc00311f94:   08 48 89 54 24 10 4c 89 44 24 18 4c 89 4c 24 20
0x00007ffc00311fa4:   48 83 ec 28 4c 8b c1 4c 8d 4c 24 38 48 8d 0d 39
0x00007ffc00311fb4:   9a 72 00 ba 03 00 00 00 e8 df 32 22 00 48 83 c4
0x00007ffc00311fc4:   28 c3 cc cc cc cc cc cc cc cc cc cc 48 89 4c 24
0x00007ffc00311fd4:   08 48 89 54 24 10 4c 89 44 24 18 4c 89 4c 24 20
0x00007ffc00311fe4:   48 83 ec 28 4c 8b c1 4c 8d 4c 24 38 48 8d 0d c9
0x00007ffc00311ff4:   86 72 00 ba 03 00 00 00 e8 9f 32 22 00 48 83 c4
0x00007ffc00312004:   28 c3 cc cc cc cc cc cc cc cc cc cc 48 89 4c 24
0x00007ffc00312014:   08 48 89 54 24 10 4c 89 44 24 18 4c 89 4c 24 20
0x00007ffc00312024:   48 83 ec 28 4c 8b c1 4c 8d 4c 24 38 48 8d 0d e9
0x00007ffc00312034:   8f 72 00 ba 04 00 00 00 e8 5f 32 22 00 48 83 c4
0x00007ffc00312044:   28 c3 cc cc cc cc cc cc cc cc cc cc 48 89 5c 24
0x00007ffc00312054:   08 57 48 83 ec 20 44 8b 12 48 8b f9 8b 0d 22 1c
0x00007ffc00312064:   6e 00 48 8b da 49 d3 e2 4c 03 15 0d 1c 6e 00 4c
0x00007ffc00312074:   8b 4f 08 4d 8b c2 41 8b 89 f0 06 00 00 49 8b 81
0x00007ffc00312084:   e0 06 00 00 49 d3 e8 41 0f b6 04 00 84 c0 7e 58
0x00007ffc00312094:   4d 8b 0a 41 0f b6 c9 80 e1 03 80 f9 03 75 21 80
0x00007ffc003120a4:   3d b6 71 6c 00 00 74 0f 41 0f b6 c1 24 07 3c 05
0x00007ffc003120b4:   75 05 45 33 d2 eb 1a 4d 8b d1 49 83 e2 fc eb 11
0x00007ffc003120c4:   4d 8b c2 0f b6 d0 48 8b cf e8 9e e2 02 00 4c 8b
0x00007ffc003120d4:   d0 8b 0d ad 1b 6e 00 49 8b c2 48 2b 05 9b 1b 6e
0x00007ffc003120e4:   00 48 d3 e8 89 03 eb 32 3c ff 75 2e 8b 0d a2 ad
0x00007ffc003120f4:   72 00 49 8b d2 49 2b 51 10 49 8b 81 88 04 00 00
0x00007ffc00312104:   48 d3 ea 8b ca 80 3c 08 00 74 0f c6 04 08 00 49
0x00007ffc00312114:   8b 81 d0 06 00 00 c6 04 01 00 8b 0d 74 ad 72 00
0x00007ffc00312124:   49 8b c2 48 33 c3 48 d3 e8 48 85 c0 74 29 48 8b
0x00007ffc00312134:   57 08 48 8b c3 4d 8b ca 4c 8b c3 8b 8a c0 02 00
0x00007ffc00312144:   00 48 8b 92 b0 02 00 00 48 d3 e8 48 8b cf 48 8b
0x00007ffc00312154:   14 c2 e8 d5 2e 00 00 48 8b 5c 24 30 48 83 c4 20
0x00007ffc00312164:   5f c3 cc cc cc cc cc cc cc cc cc cc 48 89 5c 24
0x00007ffc00312174:   08 57 48 83 ec 20 4c 8b 49 08 48 8b f9 4c 8b 12
0x00007ffc00312184:   48 8b da 4d 8b c2 41 8b 89 f0 06 00 00 49 8b 81 


Stack slot to memory mapping:
stack at sp + 0 slots: 0x0000011d53fd2d00 points into unknown readable memory: 0x00007ffc008671a8 | a8 71 86 00 fc 7f 00 00
stack at sp + 1 slots: 0x00007ffc0033f401 jvm.dll
stack at sp + 2 slots: 0x000000008a6ac580 is pointing into object: java.util.concurrent.ConcurrentHashMap$Node 
{0x000000008a6ac570} - klass: 'java/util/concurrent/ConcurrentHashMap$Node'
stack at sp + 3 slots: 0x000000008a62f2cc is pointing into object: [Ljava.util.concurrent.ConcurrentHashMap$Node; 
{0x000000008a625aa0} - klass: 'java/util/concurrent/ConcurrentHashMap$Node'[]
 - length: 32768
stack at sp + 4 slots: 0x0000011d30febc20 points into unknown readable memory: 0x00000000000017b2 | b2 17 00 00 00 00 00 00
stack at sp + 5 slots: 0x00007ffc0033e91b jvm.dll
stack at sp + 6 slots: 0x00000000000017b2 is an unknown value
stack at sp + 7 slots: 0x00007ffc00334524 jvm.dll


---------------  P R O C E S S  ---------------

Threads class SMR info:
_java_thread_list=0x0000011d56a5c660, length=92, elements={
0x0000011d30f94800, 0x0000011d4abb3000, 0x0000011d4abb4800, 0x0000011d4b423800,
0x0000011d4b427000, 0x0000011d4b428800, 0x0000011d4b431800, 0x0000011d4b433000,
0x0000011d4b437000, 0x0000011d4b58a800, 0x0000011d4d05f800, 0x0000011d4bef8000,
0x0000011d4b5de800, 0x0000011d4d7a6000, 0x0000011d4d7a0800, 0x0000011d4e13c000,
0x0000011d4e13f000, 0x0000011d4e13a800, 0x0000011d4e13b000, 0x0000011d4e139800,
0x0000011d4e13e800, 0x0000011d4e140000, 0x0000011d4e13d000, 0x0000011d4e145000,
0x0000011d4eb1a800, 0x0000011d4eb12000, 0x0000011d4eb14000, 0x0000011d4eb15800,
0x0000011d4eb16000, 0x0000011d4eb17000, 0x0000011d4eb14800, 0x0000011d4eb18800,
0x0000011d4eb13000, 0x0000011d4eb1b000, 0x0000011d4eb1d800, 0x0000011d4eb19800,
0x0000011d4eb18000, 0x0000011d4eb1f000, 0x0000011d4eb20000, 0x0000011d4eb21000,
0x0000011d4eb1c000, 0x0000011d4eb1d000, 0x0000011d4e142800, 0x0000011d4e143800,
0x0000011d4e141000, 0x0000011d4e13d800, 0x0000011d4e145800, 0x0000011d4e147800,
0x0000011d4e146800, 0x0000011d4e141800, 0x0000011d4d7a4800, 0x0000011d4d7a2000,
0x0000011d4d7a1000, 0x0000011d4d7a3800, 0x0000011d4d7a5800, 0x0000011d4d79f800,
0x0000011d4d7a3000, 0x0000011d4db2d800, 0x0000011d4db2e000, 0x0000011d4db2f000,
0x0000011d4db2f800, 0x0000011d4db2a000, 0x0000011d4db2b000, 0x0000011d4db2c800,
0x0000011d4db31800, 0x0000011d4db30800, 0x0000011d4db2b800, 0x0000011d4db34000,
0x0000011d4db35800, 0x0000011d4db33000, 0x0000011d4db38000, 0x0000011d4db34800,
0x0000011d4db36800, 0x0000011d4db37000, 0x0000011d4db32000, 0x0000011d4db38800,
0x0000011d52cfa000, 0x0000011d52cfb800, 0x0000011d52cfc800, 0x0000011d52cff000,
0x0000011d52cfd800, 0x0000011d52cfb000, 0x0000011d52cf9800, 0x0000011d52d04000,
0x0000011d52d01800, 0x0000011d52d02800, 0x0000011d52cfe000, 0x0000011d52d00800,
0x0000011d52d04800, 0x0000011d52d06800, 0x0000011d4c511000, 0x0000011d52d05800
}

Java Threads: ( => current thread )
  0x0000011d30f94800 JavaThread "main" [_thread_blocked, id=4400, stack(0x0000000216500000,0x0000000216600000)]
  0x0000011d4abb3000 JavaThread "Reference Handler" daemon [_thread_blocked, id=10012, stack(0x0000000216c00000,0x0000000216d00000)]
  0x0000011d4abb4800 JavaThread "Finalizer" daemon [_thread_blocked, id=9732, stack(0x0000000216d00000,0x0000000216e00000)]
  0x0000011d4b423800 JavaThread "Signal Dispatcher" daemon [_thread_blocked, id=9524, stack(0x0000000216e00000,0x0000000216f00000)]
  0x0000011d4b427000 JavaThread "Attach Listener" daemon [_thread_blocked, id=3936, stack(0x0000000216f00000,0x0000000217000000)]
  0x0000011d4b428800 JavaThread "Service Thread" daemon [_thread_blocked, id=10480, stack(0x0000000217000000,0x0000000217100000)]
  0x0000011d4b431800 JavaThread "C2 CompilerThread0" daemon [_thread_blocked, id=9940, stack(0x0000000217100000,0x0000000217200000)]
  0x0000011d4b433000 JavaThread "C1 CompilerThread0" daemon [_thread_blocked, id=7564, stack(0x0000000217200000,0x0000000217300000)]
  0x0000011d4b437000 JavaThread "Sweeper thread" daemon [_thread_blocked, id=8116, stack(0x0000000217300000,0x0000000217400000)]
  0x0000011d4b58a800 JavaThread "Common-Cleaner" daemon [_thread_blocked, id=11152, stack(0x0000000217400000,0x0000000217500000)]
  0x0000011d4d05f800 JavaThread "Daemon health stats" [_thread_blocked, id=6612, stack(0x0000000217900000,0x0000000217a00000)]
  0x0000011d4bef8000 JavaThread "Incoming local TCP Connector on port 55003" [_thread_in_native, id=10772, stack(0x0000000217600000,0x0000000217700000)]
  0x0000011d4b5de800 JavaThread "Daemon periodic checks" [_thread_blocked, id=6784, stack(0x0000000217a00000,0x0000000217b00000)]
  0x0000011d4d7a6000 JavaThread "Cache worker for journal cache (C:\Users\ACER\.gradle\caches\journal-1)" [_thread_blocked, id=7800, stack(0x0000000218300000,0x0000000218400000)]
  0x0000011d4d7a0800 JavaThread "File lock request listener" [_thread_in_native, id=8884, stack(0x0000000218400000,0x0000000218500000)]
  0x0000011d4e13c000 JavaThread "Cache worker for file hash cache (C:\Users\ACER\.gradle\caches\7.2\fileHashes)" [_thread_blocked, id=7432, stack(0x0000000218600000,0x0000000218700000)]
  0x0000011d4e13f000 JavaThread "File watcher server" daemon [_thread_blocked, id=7600, stack(0x0000000218800000,0x0000000218900000)]
  0x0000011d4e13a800 JavaThread "File watcher consumer" daemon [_thread_blocked, id=10752, stack(0x0000000218900000,0x0000000218a00000)]
  0x0000011d4e13b000 JavaThread "jar transforms" [_thread_blocked, id=10280, stack(0x0000000218a00000,0x0000000218b00000)]
  0x0000011d4e139800 JavaThread "jar transforms Thread 2" [_thread_blocked, id=6544, stack(0x0000000218b00000,0x0000000218c00000)]
  0x0000011d4e13e800 JavaThread "jar transforms Thread 3" [_thread_blocked, id=8636, stack(0x0000000218c00000,0x0000000218d00000)]
  0x0000011d4e140000 JavaThread "jar transforms Thread 4" [_thread_blocked, id=7156, stack(0x0000000218d00000,0x0000000218e00000)]
  0x0000011d4e13d000 JavaThread "Cache worker for execution history cache (C:\Users\ACER\.gradle\caches\7.2\executionHistory)" [_thread_blocked, id=10056, stack(0x0000000219100000,0x0000000219200000)]
  0x0000011d4e145000 JavaThread "Cache worker for file content cache (C:\Users\ACER\.gradle\caches\7.2\fileContent)" [_thread_blocked, id=10224, stack(0x0000000219200000,0x0000000219300000)]
  0x0000011d4eb1a800 JavaThread "Memory manager" [_thread_blocked, id=9868, stack(0x000000021bd00000,0x000000021be00000)]
  0x0000011d4eb12000 JavaThread "Daemon Thread 4" [_thread_blocked, id=10504, stack(0x0000000216200000,0x0000000216300000)]
  0x0000011d4eb14000 JavaThread "Daemon worker Thread 4" [_thread_blocked, id=11140, stack(0x0000000217b00000,0x0000000217c00000)]
  0x0000011d4eb15800 JavaThread "Handler for socket connection from /127.0.0.1:55003 to /127.0.0.1:62680" [_thread_in_native, id=9420, stack(0x0000000216300000,0x0000000216400000)]
  0x0000011d4eb16000 JavaThread "Cancel handler" [_thread_blocked, id=6868, stack(0x0000000216400000,0x0000000216500000)]
  0x0000011d4eb17000 JavaThread "Asynchronous log dispatcher for DefaultDaemonConnection: socket connection from /127.0.0.1:55003 to /127.0.0.1:62680" [_thread_blocked, id=11392, stack(0x0000000217c00000,0x0000000217d00000)]
  0x0000011d4eb14800 JavaThread "Stdin handler" [_thread_blocked, id=10120, stack(0x0000000217d00000,0x0000000217e00000)]
  0x0000011d4eb18800 JavaThread "Daemon client event forwarder" [_thread_blocked, id=9164, stack(0x0000000217e00000,0x0000000217f00000)]
  0x0000011d4eb13000 JavaThread "Cache worker for file hash cache (C:\Users\ACER\Videos\022-055-046-UTS-GA\.gradle\7.2\fileHashes)" [_thread_blocked, id=3132, stack(0x0000000217f00000,0x0000000218000000)]
  0x0000011d4eb1b000 JavaThread "Cache worker for checksums cache (C:\Users\ACER\Videos\022-055-046-UTS-GA\.gradle\checksums)" [_thread_blocked, id=7532, stack(0x0000000218100000,0x0000000218200000)]
  0x0000011d4eb1d800 JavaThread "Cache worker for cache directory md-supplier (C:\Users\ACER\.gradle\caches\7.2\md-supplier)" [_thread_blocked, id=236, stack(0x0000000218200000,0x0000000218300000)]
  0x0000011d4eb19800 JavaThread "Cache worker for cache directory md-rule (C:\Users\ACER\.gradle\caches\7.2\md-rule)" [_thread_blocked, id=7064, stack(0x0000000218700000,0x0000000218800000)]
  0x0000011d4eb18000 JavaThread "Cache worker for dependencies-accessors (C:\Users\ACER\Videos\022-055-046-UTS-GA\.gradle\7.2\dependencies-accessors)" [_thread_blocked, id=10576, stack(0x0000000218e00000,0x0000000218f00000)]
  0x0000011d4eb1f000 JavaThread "Cache worker for Build Output Cleanup Cache (C:\Users\ACER\Videos\022-055-046-UTS-GA\.gradle\buildOutputCleanup)" [_thread_blocked, id=5760, stack(0x0000000218f00000,0x0000000219000000)]
  0x0000011d4eb20000 JavaThread "Unconstrained build operations" [_thread_blocked, id=8304, stack(0x0000000219000000,0x0000000219100000)]
  0x0000011d4eb21000 JavaThread "Unconstrained build operations Thread 2" [_thread_blocked, id=9556, stack(0x0000000219300000,0x0000000219400000)]
  0x0000011d4eb1c000 JavaThread "Unconstrained build operations Thread 3" [_thread_blocked, id=9748, stack(0x0000000219400000,0x0000000219500000)]
  0x0000011d4eb1d000 JavaThread "Unconstrained build operations Thread 4" [_thread_blocked, id=1788, stack(0x0000000219500000,0x0000000219600000)]
  0x0000011d4e142800 JavaThread "Unconstrained build operations Thread 5" [_thread_blocked, id=9436, stack(0x0000000219600000,0x0000000219700000)]
  0x0000011d4e143800 JavaThread "Unconstrained build operations Thread 6" [_thread_blocked, id=10432, stack(0x0000000219700000,0x0000000219800000)]
  0x0000011d4e141000 JavaThread "Unconstrained build operations Thread 7" [_thread_blocked, id=3968, stack(0x0000000219800000,0x0000000219900000)]
  0x0000011d4e13d800 JavaThread "Unconstrained build operations Thread 8" [_thread_blocked, id=11972, stack(0x0000000219900000,0x0000000219a00000)]
  0x0000011d4e145800 JavaThread "Unconstrained build operations Thread 9" [_thread_blocked, id=10088, stack(0x0000000219a00000,0x0000000219b00000)]
  0x0000011d4e147800 JavaThread "Unconstrained build operations Thread 10" [_thread_blocked, id=9312, stack(0x0000000219b00000,0x0000000219c00000)]
  0x0000011d4e146800 JavaThread "Unconstrained build operations Thread 11" [_thread_blocked, id=8112, stack(0x0000000219c00000,0x0000000219d00000)]
  0x0000011d4e141800 JavaThread "Unconstrained build operations Thread 12" [_thread_blocked, id=10156, stack(0x0000000219d00000,0x0000000219e00000)]
  0x0000011d4d7a4800 JavaThread "Unconstrained build operations Thread 13" [_thread_blocked, id=11908, stack(0x0000000219e00000,0x0000000219f00000)]
  0x0000011d4d7a2000 JavaThread "Unconstrained build operations Thread 14" [_thread_blocked, id=10516, stack(0x0000000219f00000,0x000000021a000000)]
  0x0000011d4d7a1000 JavaThread "Unconstrained build operations Thread 15" [_thread_blocked, id=11456, stack(0x000000021a000000,0x000000021a100000)]
  0x0000011d4d7a3800 JavaThread "Unconstrained build operations Thread 16" [_thread_blocked, id=9412, stack(0x000000021a100000,0x000000021a200000)]
  0x0000011d4d7a5800 JavaThread "Unconstrained build operations Thread 17" [_thread_blocked, id=868, stack(0x000000021a200000,0x000000021a300000)]
  0x0000011d4d79f800 JavaThread "Unconstrained build operations Thread 18" [_thread_blocked, id=9752, stack(0x000000021a300000,0x000000021a400000)]
  0x0000011d4d7a3000 JavaThread "Unconstrained build operations Thread 19" [_thread_blocked, id=11312, stack(0x000000021a400000,0x000000021a500000)]
  0x0000011d4db2d800 JavaThread "Unconstrained build operations Thread 20" [_thread_blocked, id=12208, stack(0x000000021a500000,0x000000021a600000)]
  0x0000011d4db2e000 JavaThread "Unconstrained build operations Thread 21" [_thread_blocked, id=8444, stack(0x000000021a600000,0x000000021a700000)]
  0x0000011d4db2f000 JavaThread "Unconstrained build operations Thread 22" [_thread_blocked, id=10476, stack(0x000000021a700000,0x000000021a800000)]
  0x0000011d4db2f800 JavaThread "Unconstrained build operations Thread 23" [_thread_blocked, id=6820, stack(0x000000021a800000,0x000000021a900000)]
  0x0000011d4db2a000 JavaThread "Unconstrained build operations Thread 24" [_thread_blocked, id=12200, stack(0x000000021a900000,0x000000021aa00000)]
  0x0000011d4db2b000 JavaThread "Unconstrained build operations Thread 25" [_thread_blocked, id=1468, stack(0x000000021aa00000,0x000000021ab00000)]
  0x0000011d4db2c800 JavaThread "Unconstrained build operations Thread 26" [_thread_blocked, id=5728, stack(0x000000021ab00000,0x000000021ac00000)]
  0x0000011d4db31800 JavaThread "Unconstrained build operations Thread 27" [_thread_blocked, id=11016, stack(0x000000021ac00000,0x000000021ad00000)]
  0x0000011d4db30800 JavaThread "Unconstrained build operations Thread 28" [_thread_blocked, id=7712, stack(0x000000021ad00000,0x000000021ae00000)]
  0x0000011d4db2b800 JavaThread "Unconstrained build operations Thread 29" [_thread_blocked, id=7820, stack(0x000000021ae00000,0x000000021af00000)]
  0x0000011d4db34000 JavaThread "Unconstrained build operations Thread 30" [_thread_blocked, id=684, stack(0x000000021af00000,0x000000021b000000)]
  0x0000011d4db35800 JavaThread "Unconstrained build operations Thread 31" [_thread_blocked, id=5128, stack(0x000000021b000000,0x000000021b100000)]
  0x0000011d4db33000 JavaThread "Unconstrained build operations Thread 32" [_thread_blocked, id=9684, stack(0x000000021b100000,0x000000021b200000)]
  0x0000011d4db38000 JavaThread "Unconstrained build operations Thread 33" [_thread_blocked, id=9648, stack(0x000000021b200000,0x000000021b300000)]
  0x0000011d4db34800 JavaThread "Unconstrained build operations Thread 34" [_thread_blocked, id=10544, stack(0x000000021b300000,0x000000021b400000)]
  0x0000011d4db36800 JavaThread "Unconstrained build operations Thread 35" [_thread_blocked, id=6992, stack(0x000000021b400000,0x000000021b500000)]
  0x0000011d4db37000 JavaThread "Unconstrained build operations Thread 36" [_thread_blocked, id=3800, stack(0x000000021b500000,0x000000021b600000)]
  0x0000011d4db32000 JavaThread "Unconstrained build operations Thread 37" [_thread_blocked, id=11108, stack(0x000000021b600000,0x000000021b700000)]
  0x0000011d4db38800 JavaThread "Unconstrained build operations Thread 38" [_thread_blocked, id=5856, stack(0x000000021b700000,0x000000021b800000)]
  0x0000011d52cfa000 JavaThread "Unconstrained build operations Thread 39" [_thread_blocked, id=2020, stack(0x000000021b800000,0x000000021b900000)]
  0x0000011d52cfb800 JavaThread "Unconstrained build operations Thread 40" [_thread_blocked, id=9292, stack(0x000000021b900000,0x000000021ba00000)]
  0x0000011d52cfc800 JavaThread "build event listener" [_thread_blocked, id=10740, stack(0x000000021ba00000,0x000000021bb00000)]
  0x0000011d52cff000 JavaThread "Execution worker for ':'" [_thread_blocked, id=8140, stack(0x000000021bb00000,0x000000021bc00000)]
  0x0000011d52cfd800 JavaThread "Execution worker for ':' Thread 2" [_thread_blocked, id=2956, stack(0x000000021bc00000,0x000000021bd00000)]
  0x0000011d52cfb000 JavaThread "Execution worker for ':' Thread 3" [_thread_blocked, id=9548, stack(0x000000021be00000,0x000000021bf00000)]
  0x0000011d52cf9800 JavaThread "Cache worker for execution history cache (C:\Users\ACER\Videos\022-055-046-UTS-GA\.gradle\7.2\executionHistory)" [_thread_blocked, id=7428, stack(0x000000021bf00000,0x000000021c000000)]
  0x0000011d52d04000 JavaThread "WorkerExecutor Queue" [_thread_blocked, id=6340, stack(0x000000021c000000,0x000000021c100000)]
  0x0000011d52d01800 JavaThread "WorkerExecutor Queue Thread 2" [_thread_blocked, id=7332, stack(0x000000021c100000,0x000000021c200000)]
  0x0000011d52d02800 JavaThread "WorkerExecutor Queue Thread 3" [_thread_blocked, id=124, stack(0x000000021c200000,0x000000021c300000)]
  0x0000011d52cfe000 JavaThread "WorkerExecutor Queue Thread 4" [_thread_blocked, id=10512, stack(0x000000021c300000,0x000000021c400000)]
  0x0000011d52d00800 JavaThread "pool-7-thread-1" [_thread_blocked, id=8076, stack(0x000000021c500000,0x000000021c600000)]
  0x0000011d52d04800 JavaThread "stderr" [_thread_in_native, id=11476, stack(0x000000021c600000,0x000000021c700000)]
  0x0000011d52d06800 JavaThread "stdout" [_thread_in_native, id=348, stack(0x000000021c700000,0x000000021c800000)]
  0x0000011d4c511000 JavaThread "C2 CompilerThread1" daemon [_thread_blocked, id=9356, stack(0x0000000218000000,0x0000000218100000)]
  0x0000011d52d05800 JavaThread "WorkerExecutor Queue Thread 5" [_thread_blocked, id=10252, stack(0x000000021c800000,0x000000021c900000)]

Other Threads:
  0x0000011d4b3d4000 VMThread "VM Thread" [stack: 0x0000000216b00000,0x0000000216c00000] [id=8856]
  0x0000011d4b58c000 WatcherThread [stack: 0x0000000217500000,0x0000000217600000] [id=2452]
  0x0000011d30fe9800 GCTaskThread "GC Thread#0" [stack: 0x0000000216600000,0x0000000216700000] [id=10324]
  0x0000011d4bb34800 GCTaskThread "GC Thread#1" [stack: 0x0000000217700000,0x0000000217800000] [id=10888]
=>0x0000011d4bdf4000 GCTaskThread "GC Thread#2" [stack: 0x0000000217800000,0x0000000217900000] [id=7288]
  0x0000011d4e157800 GCTaskThread "GC Thread#3" [stack: 0x0000000218500000,0x0000000218600000] [id=1728]
  0x0000011d3100a000 ConcurrentGCThread "G1 Main Marker" [stack: 0x0000000216700000,0x0000000216800000] [id=1828]
  0x0000011d3100b800 ConcurrentGCThread "G1 Conc#0" [stack: 0x0000000216800000,0x0000000216900000] [id=1148]
  0x0000011d3106e000 ConcurrentGCThread "G1 Refine#0" [stack: 0x0000000216900000,0x0000000216a00000] [id=9180]
  0x0000011d4aa06800 ConcurrentGCThread "G1 Young RemSet Sampling" [stack: 0x0000000216a00000,0x0000000216b00000] [id=6252]

Threads with active compile tasks:
C2 CompilerThread0 732908 20969   !   4       org.gradle.api.internal.artifacts.transform.TransformingAsyncArtifactListener$TransformedArtifact::prepareInvocation (164 bytes)
C2 CompilerThread1 732909 21076       4       java.net.URLClassLoader::isSealed (70 bytes)

VM state:at safepoint (normal execution)

VM Mutex/Monitor currently owned by a thread:  ([mutex/lock_event])
[0x0000011d30f92130] Threads_lock - owner thread: 0x0000011d4b3d4000
[0x0000011d30f92010] Heap_lock - owner thread: 0x0000011d52d04000

Heap address: 0x0000000080000000, size: 2048 MB, Compressed Oops mode: 32-bit
Narrow klass base: 0x0000000000000000, Narrow klass shift: 3
Compressed class space size: 1073741824 Address: 0x0000000100000000

Heap:
 garbage-first heap   total 236544K, used 205530K [0x0000000080000000, 0x0000000100000000)
  region size 1024K, 48 young (49152K), 6 survivors (6144K)
 Metaspace       used 126898K, capacity 130572K, committed 130816K, reserved 1163264K
  class space    used 15741K, capacity 17075K, committed 17152K, reserved 1048576K
Heap Regions: E=young(eden), S=young(survivor), O=old, HS=humongous(starts), HC=humongous(continues), CS=collection set, F=free, A=archive, TAMS=top-at-mark-start (previous, next)
|   0|0x0000000080000000, 0x0000000080100000, 0x0000000080100000|100%| O|  |TAMS 0x0000000080100000, 0x0000000080000000| Complete 
|   1|0x0000000080100000, 0x0000000080200000, 0x0000000080200000|100%|HS|  |TAMS 0x0000000080200000, 0x0000000080100000| Complete 
|   2|0x0000000080200000, 0x0000000080300000, 0x0000000080300000|100%|HC|  |TAMS 0x0000000080300000, 0x0000000080200000| Complete 
|   3|0x0000000080300000, 0x0000000080400000, 0x0000000080400000|100%|HS|  |TAMS 0x0000000080400000, 0x0000000080300000| Complete 
|   4|0x0000000080400000, 0x0000000080500000, 0x0000000080500000|100%|HC|  |TAMS 0x0000000080500000, 0x0000000080400000| Complete 
|   5|0x0000000080500000, 0x0000000080600000, 0x0000000080600000|100%|HC|  |TAMS 0x0000000080600000, 0x0000000080500000| Complete 
|   6|0x0000000080600000, 0x0000000080700000, 0x0000000080700000|100%| O|  |TAMS 0x0000000080700000, 0x0000000080600000| Untracked 
|   7|0x0000000080700000, 0x0000000080800000, 0x0000000080800000|100%| O|  |TAMS 0x0000000080800000, 0x0000000080700000| Untracked 
|   8|0x0000000080800000, 0x0000000080900000, 0x0000000080900000|100%| O|  |TAMS 0x0000000080900000, 0x0000000080800000| Untracked 
|   9|0x0000000080900000, 0x0000000080a00000, 0x0000000080a00000|100%| O|  |TAMS 0x0000000080a00000, 0x0000000080900000| Untracked 
|  10|0x0000000080a00000, 0x0000000080b00000, 0x0000000080b00000|100%|HS|  |TAMS 0x0000000080b00000, 0x0000000080a00000| Complete 
|  11|0x0000000080b00000, 0x0000000080c00000, 0x0000000080c00000|100%|HC|  |TAMS 0x0000000080c00000, 0x0000000080b00000| Complete 
|  12|0x0000000080c00000, 0x0000000080d00000, 0x0000000080d00000|100%|HC|  |TAMS 0x0000000080d00000, 0x0000000080c00000| Complete 
|  13|0x0000000080d00000, 0x0000000080e00000, 0x0000000080e00000|100%|HS|  |TAMS 0x0000000080e00000, 0x0000000080d00000| Complete 
|  14|0x0000000080e00000, 0x0000000080f00000, 0x0000000080f00000|100%|HC|  |TAMS 0x0000000080f00000, 0x0000000080e00000| Complete 
|  15|0x0000000080f00000, 0x0000000081000000, 0x0000000081000000|100%|HC|  |TAMS 0x0000000081000000, 0x0000000080f00000| Complete 
|  16|0x0000000081000000, 0x0000000081100000, 0x0000000081100000|100%|HC|  |TAMS 0x0000000081100000, 0x0000000081000000| Complete 
|  17|0x0000000081100000, 0x0000000081200000, 0x0000000081200000|100%| O|  |TAMS 0x0000000081200000, 0x0000000081100000| Untracked 
|  18|0x0000000081200000, 0x0000000081300000, 0x0000000081300000|100%| O|  |TAMS 0x0000000081300000, 0x0000000081200000| Untracked 
|  19|0x0000000081300000, 0x0000000081400000, 0x0000000081400000|100%| O|  |TAMS 0x0000000081400000, 0x0000000081300000| Complete 
|  20|0x0000000081400000, 0x0000000081500000, 0x0000000081500000|100%| O|  |TAMS 0x0000000081500000, 0x0000000081400000| Untracked 
|  21|0x0000000081500000, 0x0000000081600000, 0x0000000081600000|100%| O|  |TAMS 0x0000000081600000, 0x0000000081500000| Untracked 
|  22|0x0000000081600000, 0x0000000081700000, 0x0000000081700000|100%| O|  |TAMS 0x0000000081700000, 0x0000000081600000| Untracked 
|  23|0x0000000081700000, 0x0000000081800000, 0x0000000081800000|100%| O|  |TAMS 0x0000000081800000, 0x0000000081700000| Untracked 
|  24|0x0000000081800000, 0x0000000081900000, 0x0000000081900000|100%| O|  |TAMS 0x0000000081900000, 0x0000000081800000| Untracked 
|  25|0x0000000081900000, 0x0000000081a00000, 0x0000000081a00000|100%| O|  |TAMS 0x0000000081a00000, 0x0000000081900000| Untracked 
|  26|0x0000000081a00000, 0x0000000081b00000, 0x0000000081b00000|100%| O|  |TAMS 0x0000000081b00000, 0x0000000081a00000| Untracked 
|  27|0x0000000081b00000, 0x0000000081c00000, 0x0000000081c00000|100%| O|  |TAMS 0x0000000081c00000, 0x0000000081b00000| Untracked 
|  28|0x0000000081c00000, 0x0000000081d00000, 0x0000000081d00000|100%| O|  |TAMS 0x0000000081d00000, 0x0000000081c00000| Untracked 
|  29|0x0000000081d00000, 0x0000000081e00000, 0x0000000081e00000|100%| O|  |TAMS 0x0000000081e00000, 0x0000000081d00000| Untracked 
|  30|0x0000000081e00000, 0x0000000081f00000, 0x0000000081f00000|100%| O|  |TAMS 0x0000000081f00000, 0x0000000081e00000| Complete 
|  31|0x0000000081f00000, 0x0000000082000000, 0x0000000082000000|100%| O|  |TAMS 0x0000000082000000, 0x0000000081f00000| Complete 
|  32|0x0000000082000000, 0x0000000082100000, 0x0000000082100000|100%|HS|  |TAMS 0x0000000082100000, 0x0000000082000000| Complete 
|  33|0x0000000082100000, 0x0000000082200000, 0x0000000082200000|100%| O|  |TAMS 0x0000000082200000, 0x0000000082100000| Complete 
|  34|0x0000000082200000, 0x0000000082300000, 0x0000000082300000|100%| O|  |TAMS 0x0000000082300000, 0x0000000082200000| Untracked 
|  35|0x0000000082300000, 0x0000000082400000, 0x0000000082400000|100%|HS|  |TAMS 0x0000000082400000, 0x0000000082300000| Complete 
|  36|0x0000000082400000, 0x0000000082500000, 0x0000000082500000|100%|HC|  |TAMS 0x0000000082500000, 0x0000000082400000| Complete 
|  37|0x0000000082500000, 0x0000000082600000, 0x0000000082600000|100%|HC|  |TAMS 0x0000000082600000, 0x0000000082500000| Complete 
|  38|0x0000000082600000, 0x0000000082700000, 0x0000000082700000|100%|HS|  |TAMS 0x0000000082700000, 0x0000000082600000| Complete 
|  39|0x0000000082700000, 0x0000000082800000, 0x0000000082800000|100%|HC|  |TAMS 0x0000000082800000, 0x0000000082700000| Complete 
|  40|0x0000000082800000, 0x0000000082900000, 0x0000000082900000|100%|HC|  |TAMS 0x0000000082900000, 0x0000000082800000| Complete 
|  41|0x0000000082900000, 0x0000000082a00000, 0x0000000082a00000|100%|HC|  |TAMS 0x0000000082a00000, 0x0000000082900000| Complete 
|  42|0x0000000082a00000, 0x0000000082b00000, 0x0000000082b00000|100%| O|  |TAMS 0x0000000082b00000, 0x0000000082a00000| Untracked 
|  43|0x0000000082b00000, 0x0000000082c00000, 0x0000000082c00000|100%| O|  |TAMS 0x0000000082c00000, 0x0000000082b00000| Untracked 
|  44|0x0000000082c00000, 0x0000000082d00000, 0x0000000082d00000|100%| O|  |TAMS 0x0000000082d00000, 0x0000000082c00000| Untracked 
|  45|0x0000000082d00000, 0x0000000082e00000, 0x0000000082e00000|100%| O|  |TAMS 0x0000000082e00000, 0x0000000082d00000| Untracked 
|  46|0x0000000082e00000, 0x0000000082f00000, 0x0000000082f00000|100%| O|  |TAMS 0x0000000082f00000, 0x0000000082e00000| Untracked 
|  47|0x0000000082f00000, 0x0000000083000000, 0x0000000083000000|100%| O|  |TAMS 0x0000000083000000, 0x0000000082f00000| Untracked 
|  48|0x0000000083000000, 0x0000000083100000, 0x0000000083100000|100%| O|  |TAMS 0x0000000083100000, 0x0000000083000000| Untracked 
|  49|0x0000000083100000, 0x0000000083200000, 0x0000000083200000|100%| O|  |TAMS 0x0000000083200000, 0x0000000083100000| Complete 
|  50|0x0000000083200000, 0x0000000083300000, 0x0000000083300000|100%|HS|  |TAMS 0x0000000083300000, 0x0000000083200000| Complete 
|  51|0x0000000083300000, 0x0000000083400000, 0x0000000083400000|100%|HS|  |TAMS 0x0000000083400000, 0x0000000083300000| Complete 
|  52|0x0000000083400000, 0x0000000083500000, 0x0000000083500000|100%|HS|  |TAMS 0x0000000083500000, 0x0000000083400000| Complete 
|  53|0x0000000083500000, 0x0000000083600000, 0x0000000083600000|100%|HC|  |TAMS 0x0000000083600000, 0x0000000083500000| Complete 
|  54|0x0000000083600000, 0x0000000083700000, 0x0000000083700000|100%| O|  |TAMS 0x0000000083700000, 0x0000000083600000| Complete 
|  55|0x0000000083700000, 0x0000000083800000, 0x0000000083800000|100%| O|  |TAMS 0x0000000083800000, 0x0000000083700000| Complete 
|  56|0x0000000083800000, 0x0000000083900000, 0x0000000083900000|100%| O|  |TAMS 0x0000000083900000, 0x0000000083800000| Untracked 
|  57|0x0000000083900000, 0x0000000083a00000, 0x0000000083a00000|100%| O|  |TAMS 0x0000000083a00000, 0x0000000083900000| Untracked 
|  58|0x0000000083a00000, 0x0000000083b00000, 0x0000000083b00000|100%| O|  |TAMS 0x0000000083b00000, 0x0000000083a00000| Untracked 
|  59|0x0000000083b00000, 0x0000000083c00000, 0x0000000083c00000|100%| O|  |TAMS 0x0000000083c00000, 0x0000000083b00000| Untracked 
|  60|0x0000000083c00000, 0x0000000083d00000, 0x0000000083d00000|100%| O|  |TAMS 0x0000000083d00000, 0x0000000083c00000| Untracked 
|  61|0x0000000083d00000, 0x0000000083e00000, 0x0000000083e00000|100%| O|  |TAMS 0x0000000083e00000, 0x0000000083d00000| Untracked 
|  62|0x0000000083e00000, 0x0000000083f00000, 0x0000000083f00000|100%| O|  |TAMS 0x0000000083f00000, 0x0000000083e00000| Untracked 
|  63|0x0000000083f00000, 0x0000000084000000, 0x0000000084000000|100%| O|  |TAMS 0x0000000084000000, 0x0000000083f00000| Untracked 
|  64|0x0000000084000000, 0x0000000084100000, 0x0000000084100000|100%| O|  |TAMS 0x0000000084100000, 0x0000000084000000| Untracked 
|  65|0x0000000084100000, 0x0000000084200000, 0x0000000084200000|100%| O|  |TAMS 0x0000000084200000, 0x0000000084100000| Untracked 
|  66|0x0000000084200000, 0x0000000084300000, 0x0000000084300000|100%| O|  |TAMS 0x0000000084300000, 0x0000000084200000| Complete 
|  67|0x0000000084300000, 0x0000000084400000, 0x0000000084400000|100%| O|  |TAMS 0x0000000084400000, 0x0000000084300000| Complete 
|  68|0x0000000084400000, 0x0000000084500000, 0x0000000084500000|100%| O|  |TAMS 0x0000000084500000, 0x0000000084400000| Complete 
|  69|0x0000000084500000, 0x0000000084600000, 0x0000000084600000|100%|HS|  |TAMS 0x0000000084600000, 0x0000000084500000| Complete 
|  70|0x0000000084600000, 0x0000000084700000, 0x0000000084700000|100%|HC|  |TAMS 0x0000000084700000, 0x0000000084600000| Complete 
|  71|0x0000000084700000, 0x0000000084800000, 0x0000000084800000|100%|HS|  |TAMS 0x0000000084800000, 0x0000000084700000| Complete 
|  72|0x0000000084800000, 0x0000000084900000, 0x0000000084900000|100%|HC|  |TAMS 0x0000000084900000, 0x0000000084800000| Complete 
|  73|0x0000000084900000, 0x0000000084a00000, 0x0000000084a00000|100%|HC|  |TAMS 0x0000000084a00000, 0x0000000084900000| Complete 
|  74|0x0000000084a00000, 0x0000000084b00000, 0x0000000084b00000|100%|HS|  |TAMS 0x0000000084b00000, 0x0000000084a00000| Complete 
|  75|0x0000000084b00000, 0x0000000084c00000, 0x0000000084c00000|100%|HC|  |TAMS 0x0000000084c00000, 0x0000000084b00000| Complete 
|  76|0x0000000084c00000, 0x0000000084d00000, 0x0000000084d00000|100%|HC|  |TAMS 0x0000000084d00000, 0x0000000084c00000| Complete 
|  77|0x0000000084d00000, 0x0000000084e00000, 0x0000000084e00000|100%|HC|  |TAMS 0x0000000084e00000, 0x0000000084d00000| Complete 
|  78|0x0000000084e00000, 0x0000000084f00000, 0x0000000084f00000|100%| O|  |TAMS 0x0000000084f00000, 0x0000000084e00000| Untracked 
|  79|0x0000000084f00000, 0x0000000085000000, 0x0000000085000000|100%| O|  |TAMS 0x0000000085000000, 0x0000000084f00000| Untracked 
|  80|0x0000000085000000, 0x0000000085100000, 0x0000000085100000|100%| O|  |TAMS 0x0000000085100000, 0x0000000085000000| Untracked 
|  81|0x0000000085100000, 0x0000000085200000, 0x0000000085200000|100%| O|  |TAMS 0x0000000085200000, 0x0000000085100000| Untracked 
|  82|0x0000000085200000, 0x0000000085300000, 0x0000000085300000|100%| O|  |TAMS 0x0000000085300000, 0x0000000085200000| Untracked 
|  83|0x0000000085300000, 0x0000000085400000, 0x0000000085400000|100%| O|  |TAMS 0x0000000085400000, 0x0000000085300000| Complete 
|  84|0x0000000085400000, 0x0000000085500000, 0x0000000085500000|100%| O|  |TAMS 0x0000000085500000, 0x0000000085400000| Untracked 
|  85|0x0000000085500000, 0x0000000085600000, 0x0000000085600000|100%| O|  |TAMS 0x0000000085600000, 0x0000000085500000| Untracked 
|  86|0x0000000085600000, 0x0000000085700000, 0x0000000085700000|100%| O|  |TAMS 0x0000000085700000, 0x0000000085600000| Complete 
|  87|0x0000000085700000, 0x0000000085800000, 0x0000000085800000|100%| O|  |TAMS 0x0000000085800000, 0x0000000085700000| Complete 
|  88|0x0000000085800000, 0x0000000085900000, 0x0000000085900000|100%| O|  |TAMS 0x0000000085900000, 0x0000000085800000| Untracked 
|  89|0x0000000085900000, 0x0000000085a00000, 0x0000000085a00000|100%| O|  |TAMS 0x0000000085a00000, 0x0000000085900000| Complete 
|  90|0x0000000085a00000, 0x0000000085b00000, 0x0000000085b00000|100%| O|  |TAMS 0x0000000085b00000, 0x0000000085a00000| Untracked 
|  91|0x0000000085b00000, 0x0000000085c00000, 0x0000000085c00000|100%| O|  |TAMS 0x0000000085c00000, 0x0000000085b00000| Complete 
|  92|0x0000000085c00000, 0x0000000085d00000, 0x0000000085d00000|100%| O|  |TAMS 0x0000000085d00000, 0x0000000085c00000| Complete 
|  93|0x0000000085d00000, 0x0000000085e00000, 0x0000000085e00000|100%| O|  |TAMS 0x0000000085e00000, 0x0000000085d00000| Untracked 
|  94|0x0000000085e00000, 0x0000000085f00000, 0x0000000085f00000|100%| O|  |TAMS 0x0000000085f00000, 0x0000000085e00000| Untracked 
|  95|0x0000000085f00000, 0x0000000086000000, 0x0000000086000000|100%| O|  |TAMS 0x0000000086000000, 0x0000000085f00000| Complete 
|  96|0x0000000086000000, 0x0000000086100000, 0x0000000086100000|100%| O|  |TAMS 0x0000000086100000, 0x0000000086000000| Complete 
|  97|0x0000000086100000, 0x0000000086200000, 0x0000000086200000|100%| O|  |TAMS 0x0000000086200000, 0x0000000086100000| Untracked 
|  98|0x0000000086200000, 0x0000000086300000, 0x0000000086300000|100%| O|  |TAMS 0x0000000086300000, 0x0000000086200000| Untracked 
|  99|0x0000000086300000, 0x0000000086400000, 0x0000000086400000|100%| O|  |TAMS 0x0000000086400000, 0x0000000086300000| Complete 
| 100|0x0000000086400000, 0x0000000086500000, 0x0000000086500000|100%| O|  |TAMS 0x0000000086500000, 0x0000000086400000| Complete 
| 101|0x0000000086500000, 0x0000000086600000, 0x0000000086600000|100%| O|  |TAMS 0x0000000086600000, 0x0000000086500000| Complete 
| 102|0x0000000086600000, 0x0000000086700000, 0x0000000086700000|100%| O|  |TAMS 0x0000000086700000, 0x0000000086600000| Untracked 
| 103|0x0000000086700000, 0x0000000086800000, 0x0000000086800000|100%| O|  |TAMS 0x0000000086800000, 0x0000000086700000| Untracked 
| 104|0x0000000086800000, 0x0000000086900000, 0x0000000086900000|100%| O|  |TAMS 0x0000000086900000, 0x0000000086800000| Untracked 
| 105|0x0000000086900000, 0x0000000086a00000, 0x0000000086a00000|100%| O|  |TAMS 0x0000000086a00000, 0x0000000086900000| Complete 
| 106|0x0000000086a00000, 0x0000000086b00000, 0x0000000086b00000|100%| O|  |TAMS 0x0000000086b00000, 0x0000000086a00000| Complete 
| 107|0x0000000086b00000, 0x0000000086c00000, 0x0000000086c00000|100%| O|  |TAMS 0x0000000086c00000, 0x0000000086b00000| Untracked 
| 108|0x0000000086c00000, 0x0000000086d00000, 0x0000000086d00000|100%| O|  |TAMS 0x0000000086d00000, 0x0000000086c00000| Untracked 
| 109|0x0000000086d00000, 0x0000000086e00000, 0x0000000086e00000|100%| O|  |TAMS 0x0000000086e00000, 0x0000000086d00000| Untracked 
| 110|0x0000000086e00000, 0x0000000086f00000, 0x0000000086f00000|100%| O|  |TAMS 0x0000000086f00000, 0x0000000086e00000| Untracked 
| 111|0x0000000086f00000, 0x0000000087000000, 0x0000000087000000|100%| O|  |TAMS 0x0000000087000000, 0x0000000086f00000| Untracked 
| 112|0x0000000087000000, 0x0000000087100000, 0x0000000087100000|100%| O|  |TAMS 0x0000000087100000, 0x0000000087000000| Untracked 
| 113|0x0000000087100000, 0x0000000087200000, 0x0000000087200000|100%| O|  |TAMS 0x0000000087200000, 0x0000000087100000| Untracked 
| 114|0x0000000087200000, 0x0000000087300000, 0x0000000087300000|100%| O|  |TAMS 0x0000000087300000, 0x0000000087200000| Untracked 
| 115|0x0000000087300000, 0x0000000087400000, 0x0000000087400000|100%| O|  |TAMS 0x0000000087400000, 0x0000000087300000| Complete 
| 116|0x0000000087400000, 0x0000000087500000, 0x0000000087500000|100%| O|  |TAMS 0x0000000087500000, 0x0000000087400000| Untracked 
| 117|0x0000000087500000, 0x0000000087600000, 0x0000000087600000|100%| O|  |TAMS 0x0000000087600000, 0x0000000087500000| Complete 
| 118|0x0000000087600000, 0x0000000087700000, 0x0000000087700000|100%| O|  |TAMS 0x0000000087700000, 0x0000000087600000| Untracked 
| 119|0x0000000087700000, 0x0000000087800000, 0x0000000087800000|100%| O|  |TAMS 0x0000000087800000, 0x0000000087700000| Untracked 
| 120|0x0000000087800000, 0x0000000087900000, 0x0000000087900000|100%| O|  |TAMS 0x0000000087900000, 0x0000000087800000| Untracked 
| 121|0x0000000087900000, 0x0000000087a00000, 0x0000000087a00000|100%| O|  |TAMS 0x0000000087a00000, 0x0000000087900000| Untracked 
| 122|0x0000000087a00000, 0x0000000087b00000, 0x0000000087b00000|100%| O|  |TAMS 0x0000000087b00000, 0x0000000087a00000| Complete 
| 123|0x0000000087b00000, 0x0000000087c00000, 0x0000000087c00000|100%| O|  |TAMS 0x0000000087c00000, 0x0000000087b00000| Complete 
| 124|0x0000000087c00000, 0x0000000087d00000, 0x0000000087d00000|100%| O|  |TAMS 0x0000000087d00000, 0x0000000087c00000| Complete 
| 125|0x0000000087d00000, 0x0000000087e00000, 0x0000000087e00000|100%| O|  |TAMS 0x0000000087e00000, 0x0000000087d00000| Untracked 
| 126|0x0000000087e00000, 0x0000000087f00000, 0x0000000087f00000|100%| O|  |TAMS 0x0000000087f00000, 0x0000000087e00000| Untracked 
| 127|0x0000000087f00000, 0x0000000088000000, 0x0000000088000000|100%| O|  |TAMS 0x0000000088000000, 0x0000000087f00000| Untracked 
| 128|0x0000000088000000, 0x0000000088100000, 0x0000000088100000|100%| O|  |TAMS 0x0000000088100000, 0x0000000088000000| Complete 
| 129|0x0000000088100000, 0x0000000088200000, 0x0000000088200000|100%| O|  |TAMS 0x0000000088200000, 0x0000000088100000| Untracked 
| 130|0x0000000088200000, 0x0000000088300000, 0x0000000088300000|100%| O|  |TAMS 0x0000000088300000, 0x0000000088200000| Untracked 
| 131|0x0000000088300000, 0x0000000088400000, 0x0000000088400000|100%| O|  |TAMS 0x0000000088400000, 0x0000000088300000| Complete 
| 132|0x0000000088400000, 0x0000000088500000, 0x0000000088500000|100%| O|  |TAMS 0x0000000088500000, 0x0000000088400000| Complete 
| 133|0x0000000088500000, 0x0000000088600000, 0x0000000088600000|100%| O|  |TAMS 0x0000000088600000, 0x0000000088500000| Complete 
| 134|0x0000000088600000, 0x0000000088700000, 0x0000000088700000|100%| O|  |TAMS 0x0000000088700000, 0x0000000088600000| Complete 
| 135|0x0000000088700000, 0x0000000088800000, 0x0000000088800000|100%| O|  |TAMS 0x0000000088800000, 0x0000000088700000| Untracked 
| 136|0x0000000088800000, 0x0000000088900000, 0x0000000088900000|100%| O|  |TAMS 0x0000000088900000, 0x0000000088800000| Untracked 
| 137|0x0000000088900000, 0x0000000088a00000, 0x0000000088a00000|100%| O|  |TAMS 0x0000000088a00000, 0x0000000088900000| Complete 
| 138|0x0000000088a00000, 0x0000000088b00000, 0x0000000088b00000|100%|HS|  |TAMS 0x0000000088a00000, 0x0000000088a00000| Complete 
| 139|0x0000000088b00000, 0x0000000088c00000, 0x0000000088c00000|100%|HC|  |TAMS 0x0000000088b00000, 0x0000000088b00000| Complete 
| 140|0x0000000088c00000, 0x0000000088d00000, 0x0000000088d00000|100%| O|  |TAMS 0x0000000088d00000, 0x0000000088c00000| Untracked 
| 141|0x0000000088d00000, 0x0000000088e00000, 0x0000000088e00000|100%| O|  |TAMS 0x0000000088df2e00, 0x0000000088d00000| Untracked 
| 142|0x0000000088e00000, 0x0000000088f00000, 0x0000000088f00000|100%|HS|  |TAMS 0x0000000088e00000, 0x0000000088e00000| Complete 
| 143|0x0000000088f00000, 0x0000000089000000, 0x0000000089000000|100%|HS|  |TAMS 0x0000000088f00000, 0x0000000088f00000| Complete 
| 144|0x0000000089000000, 0x0000000089100000, 0x0000000089100000|100%|HS|  |TAMS 0x0000000089000000, 0x0000000089000000| Complete 
| 145|0x0000000089100000, 0x0000000089200000, 0x0000000089200000|100%|HS|  |TAMS 0x0000000089100000, 0x0000000089100000| Complete 
| 146|0x0000000089200000, 0x0000000089300000, 0x0000000089300000|100%|HC|  |TAMS 0x0000000089200000, 0x0000000089200000| Complete 
| 147|0x0000000089300000, 0x0000000089400000, 0x0000000089400000|100%|HS|  |TAMS 0x0000000089300000, 0x0000000089300000| Complete 
| 148|0x0000000089400000, 0x0000000089500000, 0x0000000089500000|100%|HC|  |TAMS 0x0000000089400000, 0x0000000089400000| Complete 
| 149|0x0000000089500000, 0x0000000089600000, 0x0000000089600000|100%|HS|  |TAMS 0x0000000089500000, 0x0000000089500000| Complete 
| 150|0x0000000089600000, 0x0000000089700000, 0x0000000089700000|100%|HS|  |TAMS 0x0000000089600000, 0x0000000089600000| Complete 
| 151|0x0000000089700000, 0x0000000089800000, 0x0000000089800000|100%|HS|  |TAMS 0x0000000089700000, 0x0000000089700000| Complete 
| 152|0x0000000089800000, 0x0000000089900000, 0x0000000089900000|100%|HS|  |TAMS 0x0000000089800000, 0x0000000089800000| Complete 
| 153|0x0000000089900000, 0x0000000089a00000, 0x0000000089a00000|100%|HS|  |TAMS 0x0000000089900000, 0x0000000089900000| Complete 
| 154|0x0000000089a00000, 0x0000000089b00000, 0x0000000089b00000|100%| O|  |TAMS 0x0000000089b00000, 0x0000000089a00000| Complete 
| 155|0x0000000089b00000, 0x0000000089c00000, 0x0000000089c00000|100%|HS|  |TAMS 0x0000000089b00000, 0x0000000089b00000| Complete 
| 156|0x0000000089c00000, 0x0000000089d00000, 0x0000000089d00000|100%| O|  |TAMS 0x0000000089c00000, 0x0000000089c00000| Untracked 
| 157|0x0000000089d00000, 0x0000000089e00000, 0x0000000089e00000|100%| O|  |TAMS 0x0000000089d00000, 0x0000000089d00000| Untracked 
| 158|0x0000000089e00000, 0x0000000089f00000, 0x0000000089f00000|100%| O|  |TAMS 0x0000000089e00000, 0x0000000089e00000| Untracked 
| 159|0x0000000089f00000, 0x000000008a000000, 0x000000008a000000|100%| O|  |TAMS 0x0000000089f00000, 0x0000000089f00000| Untracked 
| 160|0x000000008a000000, 0x000000008a100000, 0x000000008a100000|100%| O|  |TAMS 0x000000008a000000, 0x000000008a000000| Untracked 
| 161|0x000000008a100000, 0x000000008a200000, 0x000000008a200000|100%| O|  |TAMS 0x000000008a100000, 0x000000008a100000| Untracked 
| 162|0x000000008a200000, 0x000000008a300000, 0x000000008a300000|100%| O|  |TAMS 0x000000008a200000, 0x000000008a200000| Untracked 
| 163|0x000000008a300000, 0x000000008a400000, 0x000000008a400000|100%| O|  |TAMS 0x000000008a300000, 0x000000008a300000| Untracked 
| 164|0x000000008a400000, 0x000000008a500000, 0x000000008a500000|100%| O|  |TAMS 0x000000008a400000, 0x000000008a400000| Untracked 
| 165|0x000000008a500000, 0x000000008a600000, 0x000000008a600000|100%| O|  |TAMS 0x000000008a500000, 0x000000008a500000| Untracked 
| 166|0x000000008a600000, 0x000000008a700000, 0x000000008a700000|100%| O|  |TAMS 0x000000008a600000, 0x000000008a600000| Untracked 
| 167|0x000000008a700000, 0x000000008a702040, 0x000000008a800000|  0%| O|  |TAMS 0x000000008a700000, 0x000000008a700000| Untracked 
| 168|0x000000008a800000, 0x000000008a800000, 0x000000008a900000|  0%| F|  |TAMS 0x000000008a800000, 0x000000008a800000| Untracked 
| 169|0x000000008a900000, 0x000000008a900000, 0x000000008aa00000|  0%| F|  |TAMS 0x000000008a900000, 0x000000008a900000| Untracked 
| 170|0x000000008aa00000, 0x000000008aa00000, 0x000000008ab00000|  0%| F|  |TAMS 0x000000008aa00000, 0x000000008aa00000| Untracked 
| 171|0x000000008ab00000, 0x000000008ab00000, 0x000000008ac00000|  0%| F|  |TAMS 0x000000008ab00000, 0x000000008ab00000| Untracked 
| 172|0x000000008ac00000, 0x000000008ac00000, 0x000000008ad00000|  0%| F|  |TAMS 0x000000008ac00000, 0x000000008ac00000| Untracked 
| 173|0x000000008ad00000, 0x000000008ad00000, 0x000000008ae00000|  0%| F|  |TAMS 0x000000008ad00000, 0x000000008ad00000| Untracked 
| 174|0x000000008ae00000, 0x000000008ae00000, 0x000000008af00000|  0%| F|  |TAMS 0x000000008ae00000, 0x000000008ae00000| Untracked 
| 175|0x000000008af00000, 0x000000008af00000, 0x000000008b000000|  0%| F|  |TAMS 0x000000008af00000, 0x000000008af00000| Untracked 
| 176|0x000000008b000000, 0x000000008b000000, 0x000000008b100000|  0%| F|  |TAMS 0x000000008b000000, 0x000000008b000000| Untracked 
| 177|0x000000008b100000, 0x000000008b100000, 0x000000008b200000|  0%| F|  |TAMS 0x000000008b100000, 0x000000008b100000| Untracked 
| 178|0x000000008b200000, 0x000000008b200000, 0x000000008b300000|  0%| F|  |TAMS 0x000000008b200000, 0x000000008b200000| Untracked 
| 179|0x000000008b300000, 0x000000008b300000, 0x000000008b400000|  0%| F|  |TAMS 0x000000008b300000, 0x000000008b300000| Untracked 
| 180|0x000000008b400000, 0x000000008b500000, 0x000000008b500000|100%| S|  |TAMS 0x000000008b400000, 0x000000008b400000| Complete 
| 181|0x000000008b500000, 0x000000008b600000, 0x000000008b600000|100%| S|  |TAMS 0x000000008b500000, 0x000000008b500000| Complete 
| 182|0x000000008b600000, 0x000000008b700000, 0x000000008b700000|100%| S|  |TAMS 0x000000008b600000, 0x000000008b600000| Complete 
| 183|0x000000008b700000, 0x000000008b800000, 0x000000008b800000|100%| S|  |TAMS 0x000000008b700000, 0x000000008b700000| Complete 
| 184|0x000000008b800000, 0x000000008b900000, 0x000000008b900000|100%| S|  |TAMS 0x000000008b800000, 0x000000008b800000| Complete 
| 185|0x000000008b900000, 0x000000008ba00000, 0x000000008ba00000|100%| S|  |TAMS 0x000000008b900000, 0x000000008b900000| Complete 
| 186|0x000000008ba00000, 0x000000008bb00000, 0x000000008bb00000|100%| E|CS|TAMS 0x000000008ba00000, 0x000000008ba00000| Complete 
| 187|0x000000008bb00000, 0x000000008bc00000, 0x000000008bc00000|100%| E|CS|TAMS 0x000000008bb00000, 0x000000008bb00000| Complete 
| 188|0x000000008bc00000, 0x000000008bd00000, 0x000000008bd00000|100%| E|CS|TAMS 0x000000008bc00000, 0x000000008bc00000| Complete 
| 189|0x000000008bd00000, 0x000000008be00000, 0x000000008be00000|100%| E|CS|TAMS 0x000000008bd00000, 0x000000008bd00000| Complete 
| 190|0x000000008be00000, 0x000000008bf00000, 0x000000008bf00000|100%| E|CS|TAMS 0x000000008be00000, 0x000000008be00000| Complete 
| 191|0x000000008bf00000, 0x000000008c000000, 0x000000008c000000|100%| E|CS|TAMS 0x000000008bf00000, 0x000000008bf00000| Complete 
| 192|0x000000008c000000, 0x000000008c100000, 0x000000008c100000|100%| E|CS|TAMS 0x000000008c000000, 0x000000008c000000| Complete 
| 193|0x000000008c100000, 0x000000008c200000, 0x000000008c200000|100%| E|CS|TAMS 0x000000008c100000, 0x000000008c100000| Complete 
| 194|0x000000008c200000, 0x000000008c300000, 0x000000008c300000|100%| E|CS|TAMS 0x000000008c200000, 0x000000008c200000| Complete 
| 195|0x000000008c300000, 0x000000008c400000, 0x000000008c400000|100%| E|CS|TAMS 0x000000008c300000, 0x000000008c300000| Complete 
| 196|0x000000008c400000, 0x000000008c500000, 0x000000008c500000|100%| E|CS|TAMS 0x000000008c400000, 0x000000008c400000| Complete 
| 197|0x000000008c500000, 0x000000008c600000, 0x000000008c600000|100%| E|CS|TAMS 0x000000008c500000, 0x000000008c500000| Complete 
| 198|0x000000008c600000, 0x000000008c700000, 0x000000008c700000|100%| E|CS|TAMS 0x000000008c600000, 0x000000008c600000| Complete 
| 199|0x000000008c700000, 0x000000008c800000, 0x000000008c800000|100%| E|CS|TAMS 0x000000008c700000, 0x000000008c700000| Complete 
| 200|0x000000008c800000, 0x000000008c900000, 0x000000008c900000|100%| E|CS|TAMS 0x000000008c800000, 0x000000008c800000| Complete 
| 201|0x000000008c900000, 0x000000008ca00000, 0x000000008ca00000|100%| E|CS|TAMS 0x000000008c900000, 0x000000008c900000| Complete 
| 202|0x000000008ca00000, 0x000000008cb00000, 0x000000008cb00000|100%| E|CS|TAMS 0x000000008ca00000, 0x000000008ca00000| Complete 
| 203|0x000000008cb00000, 0x000000008cc00000, 0x000000008cc00000|100%| E|CS|TAMS 0x000000008cb00000, 0x000000008cb00000| Complete 
| 204|0x000000008cc00000, 0x000000008cd00000, 0x000000008cd00000|100%| E|CS|TAMS 0x000000008cc00000, 0x000000008cc00000| Complete 
| 205|0x000000008cd00000, 0x000000008ce00000, 0x000000008ce00000|100%| E|CS|TAMS 0x000000008cd00000, 0x000000008cd00000| Complete 
| 206|0x000000008ce00000, 0x000000008cf00000, 0x000000008cf00000|100%| E|CS|TAMS 0x000000008ce00000, 0x000000008ce00000| Complete 
| 207|0x000000008cf00000, 0x000000008d000000, 0x000000008d000000|100%| E|CS|TAMS 0x000000008cf00000, 0x000000008cf00000| Complete 
| 208|0x000000008d000000, 0x000000008d0c3a00, 0x000000008d100000| 76%| E|CS|TAMS 0x000000008d000000, 0x000000008d000000| Complete 
| 209|0x000000008d100000, 0x000000008d200000, 0x000000008d200000|100%| E|CS|TAMS 0x000000008d100000, 0x000000008d100000| Complete 
| 210|0x000000008d200000, 0x000000008d300000, 0x000000008d300000|100%| E|CS|TAMS 0x000000008d200000, 0x000000008d200000| Complete 
| 211|0x000000008d300000, 0x000000008d400000, 0x000000008d400000|100%| E|CS|TAMS 0x000000008d300000, 0x000000008d300000| Complete 
| 212|0x000000008d400000, 0x000000008d500000, 0x000000008d500000|100%| E|CS|TAMS 0x000000008d400000, 0x000000008d400000| Complete 
| 213|0x000000008d500000, 0x000000008d600000, 0x000000008d600000|100%| E|CS|TAMS 0x000000008d500000, 0x000000008d500000| Complete 
| 214|0x000000008d600000, 0x000000008d700000, 0x000000008d700000|100%| E|CS|TAMS 0x000000008d600000, 0x000000008d600000| Complete 
| 215|0x000000008d700000, 0x000000008d800000, 0x000000008d800000|100%| E|CS|TAMS 0x000000008d700000, 0x000000008d700000| Complete 
| 216|0x000000008d800000, 0x000000008d900000, 0x000000008d900000|100%| E|CS|TAMS 0x000000008d800000, 0x000000008d800000| Complete 
| 217|0x000000008d900000, 0x000000008da00000, 0x000000008da00000|100%| E|CS|TAMS 0x000000008d900000, 0x000000008d900000| Complete 
| 218|0x000000008da00000, 0x000000008db00000, 0x000000008db00000|100%| E|CS|TAMS 0x000000008da00000, 0x000000008da00000| Complete 
| 219|0x000000008db00000, 0x000000008dc00000, 0x000000008dc00000|100%| E|CS|TAMS 0x000000008db00000, 0x000000008db00000| Complete 
| 220|0x000000008dc00000, 0x000000008dd00000, 0x000000008dd00000|100%| E|CS|TAMS 0x000000008dc00000, 0x000000008dc00000| Complete 
| 221|0x000000008dd00000, 0x000000008de00000, 0x000000008de00000|100%| E|CS|TAMS 0x000000008dd00000, 0x000000008dd00000| Complete 
| 222|0x000000008de00000, 0x000000008df00000, 0x000000008df00000|100%| E|CS|TAMS 0x000000008de00000, 0x000000008de00000| Complete 
| 223|0x000000008df00000, 0x000000008e000000, 0x000000008e000000|100%| E|CS|TAMS 0x000000008df00000, 0x000000008df00000| Complete 
| 224|0x000000008e000000, 0x000000008e100000, 0x000000008e100000|100%| E|CS|TAMS 0x000000008e000000, 0x000000008e000000| Complete 
| 225|0x000000008e100000, 0x000000008e200000, 0x000000008e200000|100%| E|CS|TAMS 0x000000008e100000, 0x000000008e100000| Complete 
| 226|0x000000008e200000, 0x000000008e300000, 0x000000008e300000|100%| E|CS|TAMS 0x000000008e200000, 0x000000008e200000| Complete 
| 227|0x000000008e300000, 0x000000008e400000, 0x000000008e400000|100%| E|CS|TAMS 0x000000008e300000, 0x000000008e300000| Complete 
| 228|0x000000008e400000, 0x000000008e500000, 0x000000008e500000|100%| E|CS|TAMS 0x000000008e400000, 0x000000008e400000| Complete 
| 229|0x000000008e500000, 0x000000008e600000, 0x000000008e600000|100%| E|CS|TAMS 0x000000008e500000, 0x000000008e500000| Complete 
| 230|0x000000008e600000, 0x000000008e700000, 0x000000008e700000|100%| E|CS|TAMS 0x000000008e600000, 0x000000008e600000| Complete 

Card table byte_map: [0x0000011d43e90000,0x0000011d44290000] _byte_map_base: 0x0000011d43a90000

Marking Bits (Prev, Next): (CMBitMap*) 0x0000011d31009278, (CMBitMap*) 0x0000011d310092b0
 Prev Bits: [0x0000011d44690000, 0x0000011d46690000)
 Next Bits: [0x0000011d46690000, 0x0000011d48690000)

Polling page: 0x0000011d2eeb0000

Metaspace:

Usage:
  Non-class:    110.84 MB capacity,   108.55 MB ( 98%) used,     1.90 MB (  2%) free+waste,   400.06 KB ( <1%) overhead. 
      Class:     16.67 MB capacity,    15.37 MB ( 92%) used,     1.13 MB (  7%) free+waste,   179.69 KB (  1%) overhead. 
       Both:    127.51 MB capacity,   123.92 MB ( 97%) used,     3.02 MB (  2%) free+waste,   579.75 KB ( <1%) overhead. 

Virtual space:
  Non-class space:      112.00 MB reserved,     111.00 MB (>99%) committed 
      Class space:        1.00 GB reserved,      16.75 MB (  2%) committed 
             Both:        1.11 GB reserved,     127.75 MB ( 11%) committed 

Chunk freelists:
   Non-Class:  39.00 KB
       Class:  13.00 KB
        Both:  52.00 KB

MaxMetaspaceSize: 17179869184.00 GB
CompressedClassSpaceSize: 1.00 GB

CodeHeap 'non-profiled nmethods': size=120064Kb used=14657Kb max_used=14657Kb free=105407Kb
 bounds [0x0000011d3c550000, 0x0000011d3d3b0000, 0x0000011d43a90000]
CodeHeap 'profiled nmethods': size=120000Kb used=42746Kb max_used=42746Kb free=77254Kb
 bounds [0x0000011d35020000, 0x0000011d37a20000, 0x0000011d3c550000]
CodeHeap 'non-nmethods': size=5696Kb used=2372Kb max_used=2420Kb free=3323Kb
 bounds [0x0000011d34a90000, 0x0000011d34d10000, 0x0000011d35020000]
 total_blobs=20184 nmethods=19196 adapters=898
 compilation: enabled
              stopped_count=0, restarted_count=0
 full_count=0

Compilation events (20 events):
Event: 732.600 Thread 0x0000011d4b433000 21148       2       com.android.tools.r8.internal.TV0::a (175 bytes)
Event: 732.601 Thread 0x0000011d4b433000 nmethod 21148 0x0000011d36143090 code [0x0000011d36143280, 0x0000011d361437b8]
Event: 732.601 Thread 0x0000011d4b433000 21149       2       com.android.tools.r8.dex.r::l (52 bytes)
Event: 732.602 Thread 0x0000011d4b433000 nmethod 21149 0x0000011d3616be10 code [0x0000011d3616c000, 0x0000011d3616c448]
Event: 732.603 Thread 0x0000011d4b433000 21151       3       com.android.tools.r8.dex.r::g (49 bytes)
Event: 732.603 Thread 0x0000011d4b433000 nmethod 21151 0x0000011d3614f090 code [0x0000011d3614f260, 0x0000011d3614f508]
Event: 732.617 Thread 0x0000011d4c511000 nmethod 21056 0x0000011d3d39d690 code [0x0000011d3d39d9a0, 0x0000011d3d3a02f0]
Event: 732.617 Thread 0x0000011d4c511000 21141       4       com.android.tools.r8.graph.W0::a (258 bytes)
Event: 732.633 Thread 0x0000011d4c511000 nmethod 21141 0x0000011d3d3a1a10 code [0x0000011d3d3a1bc0, 0x0000011d3d3a2018]
Event: 732.633 Thread 0x0000011d4c511000 21076       4       java.net.URLClassLoader::isSealed (70 bytes)
Event: 732.660 Thread 0x0000011d4b433000 21156       2       com.android.tools.r8.internal.d51::a (125 bytes)
Event: 732.661 Thread 0x0000011d4b433000 nmethod 21156 0x0000011d36169390 code [0x0000011d36169560, 0x0000011d361698c8]
Event: 732.664 Thread 0x0000011d4b433000 21157   !   2       org.gradle.internal.classloader.CachingClassLoader::loadClass (85 bytes)
Event: 732.665 Thread 0x0000011d4b433000 nmethod 21157 0x0000011d3616b710 code [0x0000011d3616b900, 0x0000011d3616bc28]
Event: 732.680 Thread 0x0000011d4b433000 21159       2       com.android.tools.r8.internal.mS0::d (140 bytes)
Event: 732.681 Thread 0x0000011d4b433000 nmethod 21159 0x0000011d3608d910 code [0x0000011d3608dac0, 0x0000011d3608dc98]
Event: 732.692 Thread 0x0000011d4b433000 21160       1       sun.reflect.generics.factory.CoreReflectionFactory::getDecl (5 bytes)
Event: 732.692 Thread 0x0000011d4b433000 nmethod 21160 0x0000011d3d3a2310 code [0x0000011d3d3a24c0, 0x0000011d3d3a2578]
Event: 732.700 Thread 0x0000011d4b433000 21161       2       java.lang.StrictMath::floorOrCeil (128 bytes)
Event: 732.700 Thread 0x0000011d4b433000 nmethod 21161 0x0000011d36160690 code [0x0000011d36160840, 0x0000011d36160a98]

GC Heap History (20 events):
Event: 723.356 GC heap after
{Heap after GC invocations=57 (full 0):
 garbage-first heap   total 236544K, used 142538K [0x0000000080000000, 0x0000000100000000)
  region size 1024K, 5 young (5120K), 5 survivors (5120K)
 Metaspace       used 124141K, capacity 127706K, committed 127872K, reserved 1161216K
  class space    used 15357K, capacity 16648K, committed 16768K, reserved 1048576K
}
Event: 724.528 GC heap before
{Heap before GC invocations=58 (full 0):
 garbage-first heap   total 236544K, used 188618K [0x0000000080000000, 0x0000000100000000)
  region size 1024K, 48 young (49152K), 5 survivors (5120K)
 Metaspace       used 124599K, capacity 128192K, committed 128384K, reserved 1161216K
  class space    used 15406K, capacity 16727K, committed 16768K, reserved 1048576K
}
Event: 724.544 GC heap after
{Heap after GC invocations=59 (full 0):
 garbage-first heap   total 236544K, used 146874K [0x0000000080000000, 0x0000000100000000)
  region size 1024K, 4 young (4096K), 4 survivors (4096K)
 Metaspace       used 124599K, capacity 128192K, committed 128384K, reserved 1161216K
  class space    used 15406K, capacity 16727K, committed 16768K, reserved 1048576K
}
Event: 725.134 GC heap before
{Heap before GC invocations=59 (full 0):
 garbage-first heap   total 236544K, used 190906K [0x0000000080000000, 0x0000000100000000)
  region size 1024K, 47 young (48128K), 4 survivors (4096K)
 Metaspace       used 124602K, capacity 128192K, committed 128384K, reserved 1161216K
  class space    used 15406K, capacity 16727K, committed 16768K, reserved 1048576K
}
Event: 725.143 GC heap after
{Heap after GC invocations=60 (full 0):
 garbage-first heap   total 236544K, used 147781K [0x0000000080000000, 0x0000000100000000)
  region size 1024K, 5 young (5120K), 5 survivors (5120K)
 Metaspace       used 124602K, capacity 128192K, committed 128384K, reserved 1161216K
  class space    used 15406K, capacity 16727K, committed 16768K, reserved 1048576K
}
Event: 726.522 GC heap before
{Heap before GC invocations=61 (full 0):
 garbage-first heap   total 236544K, used 192837K [0x0000000080000000, 0x0000000100000000)
  region size 1024K, 50 young (51200K), 5 survivors (5120K)
 Metaspace       used 124697K, capacity 128265K, committed 128384K, reserved 1161216K
  class space    used 15417K, capacity 16730K, committed 16768K, reserved 1048576K
}
Event: 726.534 GC heap after
{Heap after GC invocations=62 (full 0):
 garbage-first heap   total 236544K, used 149092K [0x0000000080000000, 0x0000000100000000)
  region size 1024K, 5 young (5120K), 5 survivors (5120K)
 Metaspace       used 124697K, capacity 128265K, committed 128384K, reserved 1161216K
  class space    used 15417K, capacity 16730K, committed 16768K, reserved 1048576K
}
Event: 727.105 GC heap before
{Heap before GC invocations=62 (full 0):
 garbage-first heap   total 236544K, used 196196K [0x0000000080000000, 0x0000000100000000)
  region size 1024K, 51 young (52224K), 5 survivors (5120K)
 Metaspace       used 125047K, capacity 128720K, committed 129024K, reserved 1161216K
  class space    used 15469K, capacity 16817K, committed 16896K, reserved 1048576K
}
Event: 727.118 GC heap after
{Heap after GC invocations=63 (full 0):
 garbage-first heap   total 236544K, used 149860K [0x0000000080000000, 0x0000000100000000)
  region size 1024K, 4 young (4096K), 4 survivors (4096K)
 Metaspace       used 125047K, capacity 128720K, committed 129024K, reserved 1161216K
  class space    used 15469K, capacity 16817K, committed 16896K, reserved 1048576K
}
Event: 728.091 GC heap before
{Heap before GC invocations=64 (full 0):
 garbage-first heap   total 236544K, used 196964K [0x0000000080000000, 0x0000000100000000)
  region size 1024K, 51 young (52224K), 4 survivors (4096K)
 Metaspace       used 125068K, capacity 128723K, committed 129024K, reserved 1161216K
  class space    used 15473K, capacity 16818K, committed 16896K, reserved 1048576K
}
Event: 728.103 GC heap after
{Heap after GC invocations=65 (full 0):
 garbage-first heap   total 236544K, used 148227K [0x0000000080000000, 0x0000000100000000)
  region size 1024K, 4 young (4096K), 4 survivors (4096K)
 Metaspace       used 125068K, capacity 128723K, committed 129024K, reserved 1161216K
  class space    used 15473K, capacity 16818K, committed 16896K, reserved 1048576K
}
Event: 729.053 GC heap before
{Heap before GC invocations=66 (full 0):
 garbage-first heap   total 236544K, used 202499K [0x0000000080000000, 0x0000000100000000)
  region size 1024K, 54 young (55296K), 4 survivors (4096K)
 Metaspace       used 125195K, capacity 128803K, committed 129024K, reserved 1161216K
  class space    used 15493K, capacity 16838K, committed 16896K, reserved 1048576K
}
Event: 729.061 GC heap after
{Heap after GC invocations=67 (full 0):
 garbage-first heap   total 236544K, used 148948K [0x0000000080000000, 0x0000000100000000)
  region size 1024K, 3 young (3072K), 3 survivors (3072K)
 Metaspace       used 125195K, capacity 128803K, committed 129024K, reserved 1161216K
  class space    used 15493K, capacity 16838K, committed 16896K, reserved 1048576K
}
Event: 729.487 GC heap before
{Heap before GC invocations=67 (full 0):
 garbage-first heap   total 236544K, used 201172K [0x0000000080000000, 0x0000000100000000)
  region size 1024K, 54 young (55296K), 3 survivors (3072K)
 Metaspace       used 125195K, capacity 128803K, committed 129024K, reserved 1161216K
  class space    used 15493K, capacity 16838K, committed 16896K, reserved 1048576K
}
Event: 729.497 GC heap after
{Heap after GC invocations=68 (full 0):
 garbage-first heap   total 236544K, used 149400K [0x0000000080000000, 0x0000000100000000)
  region size 1024K, 3 young (3072K), 3 survivors (3072K)
 Metaspace       used 125195K, capacity 128803K, committed 129024K, reserved 1161216K
  class space    used 15493K, capacity 16838K, committed 16896K, reserved 1048576K
}
Event: 730.587 GC heap before
{Heap before GC invocations=69 (full 0):
 garbage-first heap   total 236544K, used 202648K [0x0000000080000000, 0x0000000100000000)
  region size 1024K, 55 young (56320K), 3 survivors (3072K)
 Metaspace       used 125304K, capacity 128892K, committed 129024K, reserved 1161216K
  class space    used 15513K, capacity 16845K, committed 16896K, reserved 1048576K
}
Event: 730.595 GC heap after
{Heap after GC invocations=70 (full 0):
 garbage-first heap   total 236544K, used 146266K [0x0000000080000000, 0x0000000100000000)
  region size 1024K, 2 young (2048K), 2 survivors (2048K)
 Metaspace       used 125304K, capacity 128892K, committed 129024K, reserved 1161216K
  class space    used 15513K, capacity 16845K, committed 16896K, reserved 1048576K
}
Event: 731.397 GC heap before
{Heap before GC invocations=70 (full 0):
 garbage-first heap   total 236544K, used 165722K [0x0000000080000000, 0x0000000100000000)
  region size 1024K, 22 young (22528K), 2 survivors (2048K)
 Metaspace       used 125555K, capacity 129191K, committed 129280K, reserved 1161216K
  class space    used 15539K, capacity 16854K, committed 16896K, reserved 1048576K
}
Event: 731.407 GC heap after
{Heap after GC invocations=71 (full 0):
 garbage-first heap   total 236544K, used 147162K [0x0000000080000000, 0x0000000100000000)
  region size 1024K, 3 young (3072K), 3 survivors (3072K)
 Metaspace       used 125555K, capacity 129191K, committed 129280K, reserved 1161216K
  class space    used 15539K, capacity 16854K, committed 16896K, reserved 1048576K
}
Event: 732.733 GC heap before
{Heap before GC invocations=72 (full 0):
 garbage-first heap   total 236544K, used 204506K [0x0000000080000000, 0x0000000100000000)
  region size 1024K, 45 young (46080K), 3 survivors (3072K)
 Metaspace       used 126898K, capacity 130572K, committed 130816K, reserved 1163264K
  class space    used 15741K, capacity 17075K, committed 17152K, reserved 1048576K
}

Deoptimization events (20 events):
Event: 732.662 Thread 0x0000011d52d04000 DEOPT PACKING pc=0x0000011d370ed676 sp=0x000000021c0fd280
Event: 732.662 Thread 0x0000011d52d04000 DEOPT UNPACKING pc=0x0000011d34ab6dde sp=0x000000021c0fc7a0 mode 0
Event: 732.674 Thread 0x0000011d52d04000 DEOPT PACKING pc=0x0000011d370ed676 sp=0x000000021c0fd290
Event: 732.674 Thread 0x0000011d52d04000 DEOPT UNPACKING pc=0x0000011d34ab6dde sp=0x000000021c0fc7b0 mode 0
Event: 732.680 Thread 0x0000011d52d04000 Uncommon trap: trap_request=0xffffff4d fr.pc=0x0000011d3ce44424 relative=0x0000000000000084
Event: 732.680 Thread 0x0000011d52d04000 Uncommon trap: reason=unstable_if action=reinterpret pc=0x0000011d3ce44424 method=com.android.tools.r8.internal.mS0.d(I)Z @ 45 c2
Event: 732.680 Thread 0x0000011d52d04000 DEOPT PACKING pc=0x0000011d3ce44424 sp=0x000000021c0fd2b0
Event: 732.680 Thread 0x0000011d52d04000 DEOPT UNPACKING pc=0x0000011d34ab662f sp=0x000000021c0fd240 mode 2
Event: 732.685 Thread 0x0000011d52d04000 DEOPT PACKING pc=0x0000011d370ed676 sp=0x000000021c0fd290
Event: 732.685 Thread 0x0000011d52d04000 DEOPT UNPACKING pc=0x0000011d34ab6dde sp=0x000000021c0fc7b0 mode 0
Event: 732.696 Thread 0x0000011d52cfb000 Uncommon trap: trap_request=0xffffffde fr.pc=0x0000011d3c7509ac relative=0x000000000000010c
Event: 732.696 Thread 0x0000011d52cfb000 Uncommon trap: reason=class_check action=maybe_recompile pc=0x0000011d3c7509ac method=java.lang.reflect.Array.newInstance(Ljava/lang/Class;I)Ljava/lang/Object; @ 2 c2
Event: 732.696 Thread 0x0000011d52cfb000 DEOPT PACKING pc=0x0000011d3c7509ac sp=0x000000021bef9200
Event: 732.696 Thread 0x0000011d52cfb000 DEOPT UNPACKING pc=0x0000011d34ab662f sp=0x000000021bef9198 mode 2
Event: 732.696 Thread 0x0000011d52cfb000 Uncommon trap: trap_request=0xffffff4d fr.pc=0x0000011d3c90b9e0 relative=0x0000000000000f80
Event: 732.696 Thread 0x0000011d52cfb000 Uncommon trap: reason=unstable_if action=reinterpret pc=0x0000011d3c90b9e0 method=java.lang.Class.getTypeName()Ljava/lang/String; @ 23 c2
Event: 732.696 Thread 0x0000011d52cfb000 DEOPT PACKING pc=0x0000011d3c90b9e0 sp=0x000000021bef9560
Event: 732.696 Thread 0x0000011d52cfb000 DEOPT UNPACKING pc=0x0000011d34ab662f sp=0x000000021bef9538 mode 2
Event: 732.701 Thread 0x0000011d52d04000 DEOPT PACKING pc=0x0000011d370ed655 sp=0x000000021c0fd290
Event: 732.701 Thread 0x0000011d52d04000 DEOPT UNPACKING pc=0x0000011d34ab6dde sp=0x000000021c0fc7b0 mode 0

Classes redefined (0 events):
No events

Internal exceptions (20 events):
Event: 723.258 Thread 0x0000011d52cff000 Exception <a 'sun/nio/fs/WindowsException'{0x000000008e62fe48}> (0x000000008e62fe48) thrown at [./src/hotspot/share/prims/jni.cpp, line 615]
Event: 723.260 Thread 0x0000011d52cff000 Exception <a 'sun/nio/fs/WindowsException'{0x000000008e630228}> (0x000000008e630228) thrown at [./src/hotspot/share/prims/jni.cpp, line 615]
Event: 723.260 Thread 0x0000011d52cff000 Exception <a 'sun/nio/fs/WindowsException'{0x000000008e6310b8}> (0x000000008e6310b8) thrown at [./src/hotspot/share/prims/jni.cpp, line 615]
Event: 723.260 Thread 0x0000011d52cff000 Exception <a 'sun/nio/fs/WindowsException'{0x000000008e6313e0}> (0x000000008e6313e0) thrown at [./src/hotspot/share/prims/jni.cpp, line 615]
Event: 723.261 Thread 0x0000011d52cff000 Exception <a 'sun/nio/fs/WindowsException'{0x000000008e632288}> (0x000000008e632288) thrown at [./src/hotspot/share/prims/jni.cpp, line 615]
Event: 723.261 Thread 0x0000011d52cff000 Exception <a 'sun/nio/fs/WindowsException'{0x000000008e632550}> (0x000000008e632550) thrown at [./src/hotspot/share/prims/jni.cpp, line 615]
Event: 723.261 Thread 0x0000011d52cff000 Exception <a 'sun/nio/fs/WindowsException'{0x000000008e6333c8}> (0x000000008e6333c8) thrown at [./src/hotspot/share/prims/jni.cpp, line 615]
Event: 723.284 Thread 0x0000011d52cff000 Exception <a 'java/lang/NoSuchMethodError'{0x000000008e34ea98}: <clinit>> (0x000000008e34ea98) thrown at [./src/hotspot/share/prims/jni.cpp, line 1362]
Event: 723.288 Thread 0x0000011d52cff000 Exception <a 'java/lang/NoSuchMethodError'{0x000000008e20c608}: <clinit>> (0x000000008e20c608) thrown at [./src/hotspot/share/prims/jni.cpp, line 1362]
Event: 723.290 Thread 0x0000011d52cff000 Exception <a 'java/lang/NoSuchMethodError'{0x000000008e21f178}: <clinit>> (0x000000008e21f178) thrown at [./src/hotspot/share/prims/jni.cpp, line 1362]
Event: 724.164 Thread 0x0000011d52d01800 Exception <a 'java/lang/NoSuchMethodError'{0x000000008e310f30}: 'void java.lang.invoke.DirectMethodHandle$Holder.invokeStatic(java.lang.Object, long)'> (0x000000008e310f30) thrown at [./src/hotspot/share/interpreter/linkResolver.cpp, line 773]
Event: 724.164 Thread 0x0000011d52d01800 Exception <a 'java/lang/NoSuchMethodError'{0x000000008e316148}: 'java.lang.Object java.lang.invoke.DirectMethodHandle$Holder.invokeStatic(java.lang.Object, long)'> (0x000000008e316148) thrown at [./src/hotspot/share/interpreter/linkResolver.cpp, line 773]
Event: 724.165 Thread 0x0000011d52d01800 Exception <a 'java/lang/NoSuchMethodError'{0x000000008cc2da20}: 'java.lang.Object java.lang.invoke.Invokers$Holder.linkToTargetMethod(long, java.lang.Object)'> (0x000000008cc2da20) thrown at [./src/hotspot/share/interpreter/linkResolver.cpp, line 773]
Event: 724.168 Thread 0x0000011d52d01800 Exception <a 'java/lang/NoSuchMethodError'{0x000000008cc35f38}: 'java.lang.Object java.lang.invoke.DirectMethodHandle$Holder.invokeStaticInit(java.lang.Object, java.lang.Object, long, java.lang.Object)'> (0x000000008cc35f38) thrown at [./src/hotspot/share/interpreter/linkResolver.cpp, line 773]
Event: 724.168 Thread 0x0000011d52d01800 Exception <a 'java/lang/NoSuchMethodError'{0x000000008cc3c0d0}: 'java.lang.Object java.lang.invoke.DirectMethodHandle$Holder.invokeStatic(java.lang.Object, java.lang.Object, long)'> (0x000000008cc3c0d0) thrown at [./src/hotspot/share/interpreter/linkResolver.cpp, line 773]
Event: 724.169 Thread 0x0000011d52d01800 Exception <a 'java/lang/NoSuchMethodError'{0x000000008cc42648}: 'java.lang.Object java.lang.invoke.Invokers$Holder.linkToTargetMethod(java.lang.Object, long, java.lang.Object)'> (0x000000008cc42648) thrown at [./src/hotspot/share/interpreter/linkResolver.cpp, line 773]
Event: 726.555 Thread 0x0000011d52d04000 Exception <a 'java/lang/NoSuchMethodError'{0x000000008e6cdca0}: 'java.lang.Object java.lang.invoke.DirectMethodHandle$Holder.invokeVirtual(java.lang.Object, java.lang.Object, int)'> (0x000000008e6cdca0) thrown at [./src/hotspot/share/interpreter/linkResolver.cpp, line 773]
Event: 730.443 Thread 0x0000011d52cfd800 Implicit null exception at 0x0000011d3d3309d3 to 0x0000011d3d330e5c
Event: 730.488 Thread 0x0000011d52cfd800 Implicit null exception at 0x0000011d3d32fbd3 to 0x0000011d3d33005c
Event: 731.982 Thread 0x0000011d52d04000 Exception <a 'sun/nio/fs/WindowsException'{0x000000008e1c4530}> (0x000000008e1c4530) thrown at [./src/hotspot/share/prims/jni.cpp, line 615]

Events (20 events):
Event: 732.693 loading class com/google/common/reflect/Types$JavaVersion$2 done
Event: 732.694 loading class com/google/common/reflect/Types$JavaVersion$3
Event: 732.694 loading class com/google/common/reflect/Types$JavaVersion$3 done
Event: 732.694 loading class com/google/common/reflect/Types$JavaVersion$4
Event: 732.694 loading class com/google/common/reflect/Types$JavaVersion$4 done
Event: 732.695 loading class com/google/common/reflect/Types$JavaVersion$5
Event: 732.695 loading class com/google/common/reflect/Types$JavaVersion$5 done
Event: 732.703 loading class com/android/build/gradle/internal/tasks/ValidateSigningTask$createDefaultDebugKeystoreIfNeeded$1
Event: 732.703 loading class com/android/build/gradle/internal/tasks/ValidateSigningTask$createDefaultDebugKeystoreIfNeeded$1 done
Event: 732.707 loading class com/android/builder/utils/ExceptionConsumer
Event: 732.707 loading class com/android/builder/utils/ExceptionConsumer done
Event: 732.709 loading class com/android/builder/utils/ExceptionFunction
Event: 732.709 loading class com/android/builder/utils/ExceptionFunction done
Event: 732.709 loading class com/android/builder/utils/ExceptionFunction
Event: 732.709 loading class com/android/builder/utils/ExceptionFunction done
Event: 732.710 loading class com/android/builder/utils/SynchronizedFile$LockingType
Event: 732.710 loading class com/android/builder/utils/SynchronizedFile$LockingType done
Event: 732.711 Executing VM operation: RevokeBias
Event: 732.713 Executing VM operation: RevokeBias done
Event: 732.733 Executing VM operation: G1CollectForAllocation


Dynamic libraries:
0x00007ff67def0000 - 0x00007ff67defa000 	C:\Program Files\Android\Android Studio\jre\bin\java.exe
0x00007ffc41690000 - 0x00007ffc41885000 	C:\WINDOWS\SYSTEM32\ntdll.dll
0x00007ffc40560000 - 0x00007ffc4061e000 	C:\WINDOWS\System32\KERNEL32.DLL
0x00007ffc3f170000 - 0x00007ffc3f438000 	C:\WINDOWS\System32\KERNELBASE.dll
0x00007ffc3ee40000 - 0x00007ffc3ef40000 	C:\WINDOWS\System32\ucrtbase.dll
0x00007ffc384c0000 - 0x00007ffc384d9000 	C:\Program Files\Android\Android Studio\jre\bin\jli.dll
0x00007ffc351b0000 - 0x00007ffc351c7000 	C:\Program Files\Android\Android Studio\jre\bin\VCRUNTIME140.dll
0x00007ffc3fca0000 - 0x00007ffc3fe40000 	C:\WINDOWS\System32\USER32.dll
0x00007ffc3ef40000 - 0x00007ffc3ef62000 	C:\WINDOWS\System32\win32u.dll
0x00007ffc413c0000 - 0x00007ffc413ea000 	C:\WINDOWS\System32\GDI32.dll
0x00007ffc27c80000 - 0x00007ffc27f1a000 	C:\WINDOWS\WinSxS\amd64_microsoft.windows.common-controls_6595b64144ccf1df_6.0.19041.1110_none_60b5254171f9507e\COMCTL32.dll
0x00007ffc3f060000 - 0x00007ffc3f16b000 	C:\WINDOWS\System32\gdi32full.dll
0x00007ffc3efc0000 - 0x00007ffc3f05d000 	C:\WINDOWS\System32\msvcp_win.dll
0x00007ffc40390000 - 0x00007ffc4042e000 	C:\WINDOWS\System32\msvcrt.dll
0x00007ffc40360000 - 0x00007ffc40390000 	C:\WINDOWS\System32\IMM32.DLL
0x00007ffc249f0000 - 0x00007ffc24a8d000 	C:\Program Files\Android\Android Studio\jre\bin\msvcp140.dll
0x00007ffc00040000 - 0x00007ffc00b15000 	C:\Program Files\Android\Android Studio\jre\bin\server\jvm.dll
0x00007ffc413f0000 - 0x00007ffc4149e000 	C:\WINDOWS\System32\ADVAPI32.dll
0x00007ffc3f6f0000 - 0x00007ffc3f78c000 	C:\WINDOWS\System32\sechost.dll
0x00007ffc40430000 - 0x00007ffc40555000 	C:\WINDOWS\System32\RPCRT4.dll
0x00007ffc3f790000 - 0x00007ffc3f798000 	C:\WINDOWS\System32\PSAPI.DLL
0x00007ffc2f0a0000 - 0x00007ffc2f0a9000 	C:\WINDOWS\SYSTEM32\WSOCK32.dll
0x00007ffc401b0000 - 0x00007ffc4021b000 	C:\WINDOWS\System32\WS2_32.dll
0x00007ffc34ac0000 - 0x00007ffc34ae7000 	C:\WINDOWS\SYSTEM32\WINMM.dll
0x00007ffc39060000 - 0x00007ffc3906a000 	C:\WINDOWS\SYSTEM32\VERSION.dll
0x00007ffc3ccd0000 - 0x00007ffc3cce2000 	C:\WINDOWS\SYSTEM32\kernel.appcore.dll
0x00007ffc29060000 - 0x00007ffc29071000 	C:\Program Files\Android\Android Studio\jre\bin\verify.dll
0x00007ffc2bc10000 - 0x00007ffc2bdf4000 	C:\WINDOWS\SYSTEM32\DBGHELP.DLL
0x00007ffc2c0c0000 - 0x00007ffc2c0ec000 	C:\WINDOWS\SYSTEM32\dbgcore.DLL
0x00007ffc3edb0000 - 0x00007ffc3ee32000 	C:\WINDOWS\System32\bcryptPrimitives.dll
0x00007ffc29030000 - 0x00007ffc29059000 	C:\Program Files\Android\Android Studio\jre\bin\java.dll
0x00007ffc38df0000 - 0x00007ffc38dfb000 	C:\Program Files\Android\Android Studio\jre\bin\jimage.dll
0x00007ffc29010000 - 0x00007ffc29028000 	C:\Program Files\Android\Android Studio\jre\bin\zip.dll
0x00007ffc40620000 - 0x00007ffc40d64000 	C:\WINDOWS\System32\SHELL32.dll
0x00007ffc3ced0000 - 0x00007ffc3d664000 	C:\WINDOWS\SYSTEM32\windows.storage.dll
0x00007ffc3f940000 - 0x00007ffc3fc94000 	C:\WINDOWS\System32\combase.dll
0x00007ffc3e750000 - 0x00007ffc3e77c000 	C:\WINDOWS\SYSTEM32\Wldp.dll
0x00007ffc40100000 - 0x00007ffc401ad000 	C:\WINDOWS\System32\SHCORE.dll
0x00007ffc41280000 - 0x00007ffc412d5000 	C:\WINDOWS\System32\shlwapi.dll
0x00007ffc3ecf0000 - 0x00007ffc3ed0f000 	C:\WINDOWS\SYSTEM32\profapi.dll
0x00007ffc28ff0000 - 0x00007ffc2900a000 	C:\Program Files\Android\Android Studio\jre\bin\net.dll
0x00007ffc30bc0000 - 0x00007ffc30cca000 	C:\WINDOWS\SYSTEM32\WINHTTP.dll
0x00007ffc3e4b0000 - 0x00007ffc3e51a000 	C:\WINDOWS\system32\mswsock.dll
0x00007ffc28fd0000 - 0x00007ffc28fe4000 	C:\Program Files\Android\Android Studio\jre\bin\nio.dll
0x00007ffc2cd20000 - 0x00007ffc2cd47000 	C:\Users\ACER\.gradle\native\e1d6ef7f7dcc3fd88c89a11ec53ec762bb8ba0a96d01ffa2cd45eb1d1d8dd5c5\windows-amd64\native-platform.dll
0x00007ffc00d10000 - 0x00007ffc00e54000 	C:\Users\ACER\.gradle\native\5664cfc778a61ccfe75a443a1ab52a65af34e5dc3c78e0209fed803814484fcb\windows-amd64\native-platform-file-events.dll
0x00007ffc385d0000 - 0x00007ffc385da000 	C:\Program Files\Android\Android Studio\jre\bin\management.dll
0x00007ffc384e0000 - 0x00007ffc384ed000 	C:\Program Files\Android\Android Studio\jre\bin\management_ext.dll
0x00007ffc3e6b0000 - 0x00007ffc3e6c8000 	C:\WINDOWS\SYSTEM32\CRYPTSP.dll
0x00007ffc3de30000 - 0x00007ffc3de64000 	C:\WINDOWS\system32\rsaenh.dll
0x00007ffc3f440000 - 0x00007ffc3f467000 	C:\WINDOWS\System32\bcrypt.dll
0x00007ffc3ecb0000 - 0x00007ffc3ecde000 	C:\WINDOWS\SYSTEM32\USERENV.dll
0x00007ffc3e6a0000 - 0x00007ffc3e6ac000 	C:\WINDOWS\SYSTEM32\CRYPTBASE.dll
0x00007ffc3e1a0000 - 0x00007ffc3e1db000 	C:\WINDOWS\SYSTEM32\IPHLPAPI.DLL
0x00007ffc3fe40000 - 0x00007ffc3fe48000 	C:\WINDOWS\System32\NSI.dll
0x00007ffc37360000 - 0x00007ffc37377000 	C:\WINDOWS\SYSTEM32\dhcpcsvc6.DLL
0x00007ffc37b80000 - 0x00007ffc37b9d000 	C:\WINDOWS\SYSTEM32\dhcpcsvc.DLL
0x00007ffc3e1e0000 - 0x00007ffc3e2ab000 	C:\WINDOWS\SYSTEM32\DNSAPI.dll
0x00007ffc3dac0000 - 0x00007ffc3daf3000 	C:\WINDOWS\SYSTEM32\ntmarta.dll

dbghelp: loaded successfully - version: 4.0.5 - missing functions: none
symbol engine: initialized successfully - sym options: 0x614 - pdb path: .;C:\Program Files\Android\Android Studio\jre\bin;C:\WINDOWS\SYSTEM32;C:\WINDOWS\WinSxS\amd64_microsoft.windows.common-controls_6595b64144ccf1df_6.0.19041.1110_none_60b5254171f9507e;C:\Program Files\Android\Android Studio\jre\bin\server;C:\Users\ACER\.gradle\native\e1d6ef7f7dcc3fd88c89a11ec53ec762bb8ba0a96d01ffa2cd45eb1d1d8dd5c5\windows-amd64;C:\Users\ACER\.gradle\native\5664cfc778a61ccfe75a443a1ab52a65af34e5dc3c78e0209fed803814484fcb\windows-amd64

VM Arguments:
jvm_args: --add-opens=java.base/java.util=ALL-UNNAMED --add-opens=java.base/java.lang=ALL-UNNAMED --add-opens=java.base/java.lang.invoke=ALL-UNNAMED --add-opens=java.base/java.util=ALL-UNNAMED --add-opens=java.prefs/java.util.prefs=ALL-UNNAMED --add-opens=java.prefs/java.util.prefs=ALL-UNNAMED --add-opens=java.base/java.nio.charset=ALL-UNNAMED --add-opens=java.base/java.net=ALL-UNNAMED --add-opens=java.base/java.util.concurrent.atomic=ALL-UNNAMED -Xmx2048m -Dfile.encoding=UTF-8 -Duser.country=US -Duser.language=en -Duser.variant 
java_command: org.gradle.launcher.daemon.bootstrap.GradleDaemon 7.2
java_class_path (initial): C:\Users\ACER\.gradle\wrapper\dists\gradle-7.2-bin\2dnblmf4td7x66yl1d74lt32g\gradle-7.2\lib\gradle-launcher-7.2.jar
Launcher Type: SUN_STANDARD

[Global flags]
     intx CICompilerCount                          = 3                                         {product} {ergonomic}
     uint ConcGCThreads                            = 1                                         {product} {ergonomic}
     uint G1ConcRefinementThreads                  = 4                                         {product} {ergonomic}
   size_t G1HeapRegionSize                         = 1048576                                   {product} {ergonomic}
    uintx GCDrainStackTargetSize                   = 64                                        {product} {ergonomic}
   size_t InitialHeapSize                          = 167772160                                 {product} {ergonomic}
   size_t MarkStackSize                            = 4194304                                   {product} {ergonomic}
   size_t MaxHeapSize                              = 2147483648                                {product} {command line}
   size_t MaxNewSize                               = 1287651328                                {product} {ergonomic}
   size_t MinHeapDeltaBytes                        = 1048576                                   {product} {ergonomic}
    uintx NonNMethodCodeHeapSize                   = 5830732                                {pd product} {ergonomic}
    uintx NonProfiledCodeHeapSize                  = 122913754                              {pd product} {ergonomic}
    uintx ProfiledCodeHeapSize                     = 122913754                              {pd product} {ergonomic}
    uintx ReservedCodeCacheSize                    = 251658240                              {pd product} {ergonomic}
     bool SegmentedCodeCache                       = true                                      {product} {ergonomic}
     bool UseCompressedClassPointers               = true                                 {lp64_product} {ergonomic}
     bool UseCompressedOops                        = true                                 {lp64_product} {ergonomic}
     bool UseG1GC                                  = true                                      {product} {ergonomic}
     bool UseLargePagesIndividualAllocation        = false                                  {pd product} {ergonomic}

Logging:
Log output configuration:
 #0: stdout all=warning uptime,level,tags
 #1: stderr all=off uptime,level,tags

Environment Variables:
PATH=C:\Program Files\NVIDIA GPU Computing Toolkit\CUDA\v11.5\bin;C:\Program Files\NVIDIA GPU Computing Toolkit\CUDA\v11.5\libnvvp;C:\ProgramData\Oracle\Java\javapath;C:\Program Files (x86)\Common Files\Intel\Shared Files\cpp\bin\Intel64;C:\WINDOWS\system32;C:\WINDOWS;C:\WINDOWS\System32\Wbem;C:\WINDOWS\System32\WindowsPowerShell\v1.0\;C:\WINDOWS\System32\OpenSSH\;C:\Program Files (x86)\NVIDIA Corporation\PhysX\Common;C:\Program Files\NVIDIA Corporation\NVIDIA NvDLISR;C:\Program Files (x86)\QuickTime\QTSystem\;C:\Program Files\MATLAB\R2014a\runtime\win64;C:\Program Files\MATLAB\R2014a\bin;C:\Program Files\MATLAB\R2014a\polyspace\bin;C:\Program Files\NVIDIA Corporation\Nsight Compute 2021.3.1\;C:\Program Files\Git\cmd;C:\Users\ACER\AppData\Local\Microsoft\WindowsApps;;C:\Users\ACER\AppData\Local\Programs\Microsoft VS Code\bin
USERNAME=ACER
OS=Windows_NT
PROCESSOR_IDENTIFIER=Intel64 Family 6 Model 61 Stepping 4, GenuineIntel



---------------  S Y S T E M  ---------------

OS: Windows 10 , 64 bit Build 19041 (10.0.19041.1645)
OS uptime: 0 days 22:27 hours

CPU:total 4 (initial active 4) (2 cores per cpu, 2 threads per core) family 6 model 61 stepping 4 microcode 0x2d, cmov, cx8, fxsr, mmx, sse, sse2, sse3, ssse3, sse4.1, sse4.2, popcnt, avx, avx2, aes, clmul, erms, 3dnowpref, lzcnt, ht, tsc, tscinvbit, bmi1, bmi2, adx, fma

Memory: 4k page, system-wide physical 10154M (761M free)
TotalPageFile size 22154M (AvailPageFile size 12021M)
current process WorkingSet (physical memory assigned to process): 587M, peak: 592M
current process commit charge ("private bytes"): 617M, peak: 622M

vm_info: OpenJDK 64-Bit Server VM (11.0.11+9-b60-7590822) for windows-amd64 JRE (11.0.11+9-b60-7590822), built on Jul 29 2021 21:43:44 by "builder" with MS VC++ 14.0 (VS2015)

END.
